2025-11-12 20:07:39,483 [INFO] Activator:176 - 


2025-11-12 20:07:39,491 [INFO] Activator:177 - !SESSION log4j initialized
2025-11-12 20:07:42,894 [INFO] ApplicationProperties:184 - Using Application install path: /opt/st/stm32cubeide_1.16.0/plugins/com.st.stm32cube.common.mx_6.12.0.202406281431
2025-11-12 20:07:42,920 [INFO] DbMcusXml:78 - Set database path to: /opt/st/stm32cubeide_1.16.0/plugins/com.st.stm32cube.common.mx_6.12.0.202406281431//db//mcu/
2025-11-12 20:07:42,920 [INFO] ApiDb:274 - Set plugin database path to: /opt/st/stm32cubeide_1.16.0/plugins/com.st.stm32cube.common.mx_6.12.0.202406281431//db//plugins/boardmanager/
2025-11-12 20:07:42,920 [WARN] ApiDb:259 - Overriding images path with different value:  => /opt/st/stm32cubeide_1.16.0/plugins/com.st.stm32cube.common.mx_6.12.0.202406281431//db//plugins/mcufinder/images/
2025-11-12 20:07:42,933 [INFO] ApiDb:250 - Set database path to: /home/moktar/.stmcufinder/plugins/mcufinder//mcu/
2025-11-12 20:07:42,935 [INFO] DbMcusAds:125 - Set database path to: /home/moktar/.stmcufinder/plugins/mcufinder//mcu/
2025-11-12 20:07:48,415 [INFO] CrossReferenceDbSqlite:203 - Set database path to: /home/moktar/.stmcufinder/plugins/mcufinder//mcu/cs/
2025-11-12 20:07:48,741 [INFO] RulesReader:64 - Compatibility file has been processed (297 Rules)
2025-11-12 20:07:48,977 [INFO] DbMcusXml:78 - Set database path to: /opt/st/stm32cubeide_1.16.0/plugins/com.st.stm32cube.common.mx_6.12.0.202406281431//db//mcu/
2025-11-12 20:07:48,977 [INFO] ApiDb:274 - Set plugin database path to: /opt/st/stm32cubeide_1.16.0/plugins/com.st.stm32cube.common.mx_6.12.0.202406281431//db//plugins/boardmanager/
2025-11-12 20:07:48,977 [INFO] ApiDb:261 - Set plugin images path to: /opt/st/stm32cubeide_1.16.0/plugins/com.st.stm32cube.common.mx_6.12.0.202406281431//db//plugins/mcufinder/images/
2025-11-12 20:07:48,978 [WARN] DbFile:41 - Overriding database path with different value: /home/moktar/.stmcufinder/plugins/mcufinder/ => /home/moktar/.stmcufinder/plugins/mcufinder
2025-11-12 20:07:48,978 [INFO] ApiDb:250 - Set database path to: /home/moktar/.stmcufinder/plugins/mcufinder//mcu/
2025-11-12 20:07:48,978 [WARN] DbFile:41 - Overriding database path with different value: /home/moktar/.stmcufinder/plugins/mcufinder/ => /home/moktar/.stmcufinder/plugins/mcufinder
2025-11-12 20:07:48,979 [INFO] DbMcusAds:125 - Set database path to: /home/moktar/.stmcufinder/plugins/mcufinder//mcu/
2025-11-12 20:07:48,979 [WARN] DbFile:41 - Overriding database path with different value: /home/moktar/.stmcufinder/plugins/mcufinder/ => /home/moktar/.stmcufinder/plugins/mcufinder
2025-11-12 20:07:48,979 [WARN] DbFile:41 - Overriding database path with different value: /home/moktar/.stmcufinder/plugins/mcufinder/ => /home/moktar/.stmcufinder/plugins/mcufinder
2025-11-12 20:07:48,979 [INFO] CrossReferenceDbSqlite:203 - Set database path to: /home/moktar/.stmcufinder/plugins/mcufinder//mcu/cs/
2025-11-12 20:07:49,126 [INFO] MainPanel:268 - HeapMemory: 268435456
2025-11-12 20:07:49,393 [INFO] DbMcusXml:78 - Set database path to: /opt/st/stm32cubeide_1.16.0/plugins/com.st.stm32cube.common.mx_6.12.0.202406281431//db//mcu/
2025-11-12 20:07:49,393 [INFO] ApiDb:274 - Set plugin database path to: /opt/st/stm32cubeide_1.16.0/plugins/com.st.stm32cube.common.mx_6.12.0.202406281431//db//plugins/boardmanager/
2025-11-12 20:07:49,393 [INFO] ApiDb:261 - Set plugin images path to: /opt/st/stm32cubeide_1.16.0/plugins/com.st.stm32cube.common.mx_6.12.0.202406281431//db//plugins/mcufinder/images/
2025-11-12 20:07:49,394 [WARN] DbFile:41 - Overriding database path with different value: /home/moktar/.stmcufinder/plugins/mcufinder/ => /home/moktar/.stmcufinder/plugins/mcufinder
2025-11-12 20:07:49,394 [INFO] ApiDb:250 - Set database path to: /home/moktar/.stmcufinder/plugins/mcufinder//mcu/
2025-11-12 20:07:49,394 [WARN] DbFile:41 - Overriding database path with different value: /home/moktar/.stmcufinder/plugins/mcufinder/ => /home/moktar/.stmcufinder/plugins/mcufinder
2025-11-12 20:07:49,395 [INFO] DbMcusAds:125 - Set database path to: /home/moktar/.stmcufinder/plugins/mcufinder//mcu/
2025-11-12 20:07:49,395 [WARN] DbFile:41 - Overriding database path with different value: /home/moktar/.stmcufinder/plugins/mcufinder/ => /home/moktar/.stmcufinder/plugins/mcufinder
2025-11-12 20:07:49,395 [WARN] DbFile:41 - Overriding database path with different value: /home/moktar/.stmcufinder/plugins/mcufinder/ => /home/moktar/.stmcufinder/plugins/mcufinder
2025-11-12 20:07:49,395 [INFO] CrossReferenceDbSqlite:203 - Set database path to: /home/moktar/.stmcufinder/plugins/mcufinder//mcu/cs/
2025-11-12 20:07:49,419 [INFO] ApplicationProperties:184 - Using Application install path: /opt/st/stm32cubeide_1.16.0/plugins/com.st.stm32cube.common.mx_6.12.0.202406281431
2025-11-12 20:07:49,422 [INFO] PluginManage:196 - Search for loadable plugins [exclusion list=, ]
2025-11-12 20:07:49,424 [INFO] PluginManage:310 - Check plugin analytics
2025-11-12 20:07:50,014 [INFO] AnalyticsPlugin:253 - Accepted Software Licenses: 
2025-11-12 20:07:50,014 [INFO] AnalyticsPlugin:255 - Accepted CMSIS Pack Licenses: 
2025-11-12 20:07:50,015 [INFO] AnalyticsPlugin:257 - Accepted Firmware Licenses: FW.F4.1.28.0
2025-11-12 20:07:50,018 [INFO] PluginManage:359 - Loaded plugin analytics (category:tool,tabindex:-1)
2025-11-12 20:07:50,019 [INFO] PluginManage:310 - Check plugin cadmodel
2025-11-12 20:07:50,037 [INFO] CADModel:105 - Init CAD model plugin
2025-11-12 20:07:50,037 [INFO] PluginManage:359 - Loaded plugin cadmodel (category:power,tabindex:5)
2025-11-12 20:07:50,038 [INFO] PluginManage:310 - Check plugin clock
2025-11-12 20:07:50,058 [INFO] PluginManage:359 - Loaded plugin clock (category:base,tabindex:2)
2025-11-12 20:07:50,058 [INFO] PluginManage:310 - Check plugin ddr
2025-11-12 20:07:50,062 [INFO] PluginManage:359 - Loaded plugin ddr (category:tool,tabindex:6)
2025-11-12 20:07:50,063 [INFO] PluginManage:310 - Check plugin filemanager
2025-11-12 20:07:50,324 [INFO] PluginManage:359 - Loaded plugin filemanager (category:base,tabindex:10)
2025-11-12 20:07:50,324 [INFO] PluginManage:310 - Check plugin ipmanager
2025-11-12 20:07:50,336 [INFO] PluginManage:359 - Loaded plugin ipmanager (category:base,tabindex:5)
2025-11-12 20:07:50,336 [INFO] PluginManage:310 - Check plugin lpbam
2025-11-12 20:07:50,353 [INFO] PluginManage:359 - Loaded plugin lpbam (category:base,tabindex:0)
2025-11-12 20:07:50,354 [INFO] PluginManage:310 - Check plugin memorymap
2025-11-12 20:07:50,374 [INFO] PluginManage:359 - Loaded plugin memorymap (category:base,tabindex:4)
2025-11-12 20:07:50,374 [INFO] PluginManage:310 - Check plugin pinoutandconfiguration
2025-11-12 20:07:50,388 [INFO] PluginManage:359 - Loaded plugin pinoutandconfiguration (category:base,tabindex:1)
2025-11-12 20:07:50,388 [INFO] PluginManage:310 - Check plugin pinoutconfig
2025-11-12 20:07:50,498 [WARN] SupportedApi:132 - Cannot load RTOS API schema: s4s-elt-must-match.1: The content of 'definitions' must match (annotation?, (simpleType | complexType)?, (unique | key | keyref)*)). A problem was found starting at: attribute.
2025-11-12 20:07:50,715 [INFO] PluginManage:359 - Loaded plugin pinoutconfig (category:base,tabindex:0)
2025-11-12 20:07:50,715 [INFO] PluginManage:310 - Check plugin power
2025-11-12 20:07:50,741 [INFO] PluginManage:359 - Loaded plugin power (category:power,tabindex:4)
2025-11-12 20:07:50,741 [INFO] PluginManage:310 - Check plugin projectmanager
2025-11-12 20:07:50,767 [INFO] PluginManage:359 - Loaded plugin projectmanager (category:projectmanager,tabindex:4)
2025-11-12 20:07:50,768 [INFO] PluginManage:310 - Check plugin rif
2025-11-12 20:07:50,793 [INFO] PluginManage:359 - Loaded plugin rif (category:base,tabindex:3)
2025-11-12 20:07:50,794 [INFO] PluginManage:310 - Check plugin thirdparty
2025-11-12 20:07:51,042 [WARN] IntegrityCheckThread:84 - waiting for thirdparty lock release [integrity check]
2025-11-12 20:07:51,043 [INFO] IntegrityCheckThread:86 - entering critical section [integrity check]
2025-11-12 20:07:51,043 [INFO] ThirdPartyUpdaterWithRetryManager:70 - Updater plugin not ready yet. [1/15]
2025-11-12 20:07:51,044 [INFO] PluginManage:359 - Loaded plugin thirdparty (category:base,tabindex:-1)
2025-11-12 20:07:51,044 [INFO] PluginManage:310 - Check plugin tools
2025-11-12 20:07:51,048 [INFO] PluginManage:359 - Loaded plugin tools (category:base,tabindex:7)
2025-11-12 20:07:51,048 [INFO] PluginManage:310 - Check plugin tutovideos
2025-11-12 20:07:51,277 [INFO] PluginManage:359 - Loaded plugin tutovideos (category:base,tabindex:-1)
2025-11-12 20:07:51,277 [INFO] PluginManage:310 - Check plugin updater
2025-11-12 20:07:51,306 [INFO] PluginManage:359 - Loaded plugin updater (category:base,tabindex:12)
2025-11-12 20:07:51,306 [INFO] PluginManage:310 - Check plugin userauth
2025-11-12 20:07:51,314 [INFO] UserAuth:113 - Init User Auth plugin
2025-11-12 20:07:51,314 [INFO] PluginManage:359 - Loaded plugin userauth (category:base,tabindex:14)
2025-11-12 20:07:51,315 [INFO] PluginManage:283 - PluginManage : Loaded plugins [18]
2025-11-12 20:07:51,561 [INFO] PinOutPanel:1561 - setPackage(No Configuration,No Configuration)
2025-11-12 20:07:51,665 [INFO] CADModel:165 - CPN selected for project level
2025-11-12 20:07:51,665 [INFO] CADModel:114 - Register for checkConnection events
2025-11-12 20:07:51,678 [INFO] IPUIPlugin:80 - create IPUIPlugin
2025-11-12 20:07:51,680 [INFO] PluginManager:220 - loadIPPluginJar : add radio
2025-11-12 20:07:51,682 [INFO] IPUIPlugin:80 - create IPUIPlugin
2025-11-12 20:07:51,683 [INFO] PluginManager:220 - loadIPPluginJar : add tim
2025-11-12 20:07:51,688 [INFO] IPUIPlugin:80 - create IPUIPlugin
2025-11-12 20:07:51,689 [INFO] PluginManager:220 - loadIPPluginJar : add gpio
2025-11-12 20:07:51,696 [INFO] IPUIPlugin:80 - create IPUIPlugin
2025-11-12 20:07:51,696 [INFO] PluginManager:220 - loadIPPluginJar : add usart
2025-11-12 20:07:51,705 [INFO] IPUIPlugin:80 - create IPUIPlugin
2025-11-12 20:07:51,705 [INFO] PluginManager:220 - loadIPPluginJar : add linkedlist
2025-11-12 20:07:51,708 [INFO] IPUIPlugin:80 - create IPUIPlugin
2025-11-12 20:07:51,708 [INFO] PluginManager:220 - loadIPPluginJar : add tracer_emb
2025-11-12 20:07:51,710 [INFO] IPUIPlugin:80 - create IPUIPlugin
2025-11-12 20:07:51,710 [INFO] PluginManager:220 - loadIPPluginJar : add ucpd
2025-11-12 20:07:51,714 [INFO] IPUIPlugin:80 - create IPUIPlugin
2025-11-12 20:07:51,715 [INFO] PluginManager:220 - loadIPPluginJar : add touchsensing
2025-11-12 20:07:51,723 [INFO] IPUIPlugin:80 - create IPUIPlugin
2025-11-12 20:07:51,723 [INFO] PluginManager:220 - loadIPPluginJar : add fmc
2025-11-12 20:07:51,725 [INFO] IPUIPlugin:80 - create IPUIPlugin
2025-11-12 20:07:51,725 [INFO] PluginManager:220 - loadIPPluginJar : add tsc
2025-11-12 20:07:51,728 [INFO] IPUIPlugin:80 - create IPUIPlugin
2025-11-12 20:07:51,728 [INFO] PluginManager:220 - loadIPPluginJar : add hash
2025-11-12 20:07:51,731 [INFO] IPUIPlugin:80 - create IPUIPlugin
2025-11-12 20:07:51,731 [INFO] PluginManager:220 - loadIPPluginJar : add spi
2025-11-12 20:07:51,734 [INFO] IPUIPlugin:80 - create IPUIPlugin
2025-11-12 20:07:51,734 [INFO] PluginManager:220 - loadIPPluginJar : add ts
2025-11-12 20:07:51,737 [INFO] IPUIPlugin:80 - create IPUIPlugin
2025-11-12 20:07:51,737 [INFO] PluginManager:220 - loadIPPluginJar : add dfsdm
2025-11-12 20:07:51,741 [INFO] IPUIPlugin:80 - create IPUIPlugin
2025-11-12 20:07:51,741 [INFO] PluginManager:220 - loadIPPluginJar : add extmemmanager
2025-11-12 20:07:51,745 [INFO] IPUIPlugin:80 - create IPUIPlugin
2025-11-12 20:07:51,746 [INFO] PluginManager:220 - loadIPPluginJar : add sai
2025-11-12 20:07:51,748 [INFO] IPUIPlugin:80 - create IPUIPlugin
2025-11-12 20:07:51,749 [INFO] PluginManager:220 - loadIPPluginJar : add gfxmmu
2025-11-12 20:07:51,753 [INFO] IPUIPlugin:80 - create IPUIPlugin
2025-11-12 20:07:51,753 [INFO] PluginManager:220 - loadIPPluginJar : add openamp
2025-11-12 20:07:51,756 [INFO] IPUIPlugin:80 - create IPUIPlugin
2025-11-12 20:07:51,756 [INFO] PluginManager:220 - loadIPPluginJar : add i2c
2025-11-12 20:07:51,763 [INFO] IPUIPlugin:80 - create IPUIPlugin
2025-11-12 20:07:51,764 [INFO] PluginManager:220 - loadIPPluginJar : add stm32_wpan
2025-11-12 20:07:51,767 [INFO] IPUIPlugin:80 - create IPUIPlugin
2025-11-12 20:07:51,767 [INFO] PluginManager:220 - loadIPPluginJar : add can
2025-11-12 20:07:51,770 [INFO] IPUIPlugin:80 - create IPUIPlugin
2025-11-12 20:07:51,770 [INFO] PluginManager:220 - loadIPPluginJar : add genericplugin
2025-11-12 20:07:51,774 [INFO] IPUIPlugin:80 - create IPUIPlugin
2025-11-12 20:07:51,777 [INFO] PluginManager:220 - loadIPPluginJar : add fatfs
2025-11-12 20:07:51,792 [INFO] IPUIPlugin:80 - create IPUIPlugin
2025-11-12 20:07:51,793 [INFO] PluginManager:220 - loadIPPluginJar : add opamp
2025-11-12 20:07:51,814 [INFO] IPUIPlugin:80 - create IPUIPlugin
2025-11-12 20:07:51,814 [INFO] PluginManager:220 - loadIPPluginJar : add dma
2025-11-12 20:07:51,818 [INFO] IPUIPlugin:80 - create IPUIPlugin
2025-11-12 20:07:51,819 [INFO] PluginManager:220 - loadIPPluginJar : add i2s
2025-11-12 20:07:51,822 [INFO] IPUIPlugin:80 - create IPUIPlugin
2025-11-12 20:07:51,822 [INFO] PluginManager:220 - loadIPPluginJar : add comp
2025-11-12 20:07:51,825 [INFO] IPUIPlugin:80 - create IPUIPlugin
2025-11-12 20:07:51,825 [INFO] PluginManager:220 - loadIPPluginJar : add quadspi
2025-11-12 20:07:51,834 [INFO] IPUIPlugin:80 - create IPUIPlugin
2025-11-12 20:07:51,835 [INFO] PluginManager:220 - loadIPPluginJar : add freertos
2025-11-12 20:07:51,846 [INFO] IPUIPlugin:80 - create IPUIPlugin
2025-11-12 20:07:51,846 [INFO] PluginManager:220 - loadIPPluginJar : add nvic
2025-11-12 20:07:51,859 [INFO] IPUIPlugin:80 - create IPUIPlugin
2025-11-12 20:07:51,859 [INFO] PluginManager:220 - loadIPPluginJar : add gic
2025-11-12 20:07:51,865 [INFO] IPUIPlugin:80 - create IPUIPlugin
2025-11-12 20:07:51,865 [INFO] PluginManager:220 - loadIPPluginJar : add i3c
2025-11-12 20:07:51,876 [INFO] IPUIPlugin:80 - create IPUIPlugin
2025-11-12 20:07:51,876 [INFO] PluginManager:220 - loadIPPluginJar : add mdma
2025-11-12 20:07:51,881 [INFO] IPUIPlugin:80 - create IPUIPlugin
2025-11-12 20:07:51,882 [INFO] PluginManager:220 - loadIPPluginJar : add resmgrutility
2025-11-12 20:07:51,887 [INFO] IPUIPlugin:80 - create IPUIPlugin
2025-11-12 20:07:51,887 [INFO] PluginManager:220 - loadIPPluginJar : add gtzc
2025-11-12 20:07:51,896 [INFO] IPUIPlugin:80 - create IPUIPlugin
2025-11-12 20:07:51,900 [INFO] PluginManager:220 - loadIPPluginJar : add plateformsettings
2025-11-12 20:07:51,908 [INFO] IPUIPlugin:80 - create IPUIPlugin
2025-11-12 20:07:51,909 [INFO] PluginManager:220 - loadIPPluginJar : add adc
2025-11-12 20:07:51,912 [INFO] IPUIPlugin:80 - create IPUIPlugin
2025-11-12 20:07:51,912 [INFO] PluginManager:220 - loadIPPluginJar : add ddr_ctrl_phy
2025-11-12 20:07:51,916 [INFO] IPUIPlugin:80 - create IPUIPlugin
2025-11-12 20:07:51,916 [INFO] PluginManager:220 - loadIPPluginJar : add pdm2pcm
2025-11-12 20:07:51,919 [INFO] IPUIPlugin:80 - create IPUIPlugin
2025-11-12 20:07:51,919 [INFO] PluginManager:220 - loadIPPluginJar : add aes
2025-11-12 20:07:51,922 [INFO] IPUIPlugin:80 - create IPUIPlugin
2025-11-12 20:07:51,922 [INFO] PluginManager:220 - loadIPPluginJar : add lorawan
2025-11-12 20:07:51,926 [INFO] IPUIPlugin:80 - create IPUIPlugin
2025-11-12 20:07:51,926 [INFO] PluginManager:220 - loadIPPluginJar : add ipddr
2025-11-12 20:07:51,929 [INFO] IPUIPlugin:80 - create IPUIPlugin
2025-11-12 20:07:51,929 [INFO] PluginManager:220 - loadIPPluginJar : add dma3
2025-11-12 20:07:51,933 [INFO] IPUIPlugin:80 - create IPUIPlugin
2025-11-12 20:07:51,933 [INFO] PluginManager:220 - loadIPPluginJar : add usbx
2025-11-12 20:07:51,936 [INFO] IPUIPlugin:80 - create IPUIPlugin
2025-11-12 20:07:51,936 [INFO] PluginManager:220 - loadIPPluginJar : add cryp
2025-11-12 20:07:51,938 [INFO] IPUIPlugin:80 - create IPUIPlugin
2025-11-12 20:07:51,939 [INFO] PluginManager:220 - loadIPPluginJar : add ltdc
2025-11-12 20:07:52,053 [INFO] CADModel:165 - CPN selected for project level
2025-11-12 20:07:52,054 [INFO] CADModel:114 - Register for checkConnection events
2025-11-12 20:07:52,054 [FATAL] Updater:334 - Updater called before beeing initialized
2025-11-12 20:07:52,054 [ERROR] CADModel:125 - Updater not yet initialized, retry later 
2025-11-12 20:07:52,235 [INFO] CADModel:165 - CPN selected for project level
2025-11-12 20:07:52,235 [INFO] CADModel:114 - Register for checkConnection events
2025-11-12 20:07:52,235 [FATAL] Updater:334 - Updater called before beeing initialized
2025-11-12 20:07:52,235 [ERROR] CADModel:125 - Updater not yet initialized, retry later 
2025-11-12 20:07:52,240 [FATAL] Updater:334 - Updater called before beeing initialized
2025-11-12 20:07:52,358 [FATAL] Updater:334 - Updater called before beeing initialized
2025-11-12 20:07:52,362 [INFO] DbMcusAds:53 - JSON generation date=Fri Nov 07 12:13:48 CET 2025 (1762514028174)
2025-11-12 20:07:52,363 [FATAL] Updater:334 - Updater called before beeing initialized
2025-11-12 20:07:52,418 [WARN] DetailPanel:346 - Failed to get advertising image, set to default
2025-11-12 20:07:52,524 [FATAL] Updater:334 - Updater called before beeing initialized
2025-11-12 20:07:52,527 [FATAL] Updater:334 - Updater called before beeing initialized
2025-11-12 20:07:52,527 [FATAL] Updater:334 - Updater called before beeing initialized
2025-11-12 20:07:52,527 [WARN] DetailPanel:346 - Failed to get advertising image, set to default
2025-11-12 20:07:52,529 [FATAL] Updater:334 - Updater called before beeing initialized
2025-11-12 20:07:52,580 [ERROR] Updater:1164 - MainUpdater not yet initialized. External WinMGr cannot be set.
2025-11-12 20:07:52,583 [INFO] Updater:1100 - Updater Version found : 6.12.0
2025-11-12 20:07:52,612 [INFO] ApplicationProperties:184 - Using Application install path: /opt/st/stm32cubeide_1.16.0/plugins/com.st.stm32cube.common.mx_6.12.0.202406281431
2025-11-12 20:07:53,315 [INFO] MainUpdater:2873 - connection check result : 10
2025-11-12 20:07:53,317 [INFO] MainUpdater:290 - Updater Check For Update Now.
2025-11-12 20:07:53,317 [INFO] MicroXplorer:498 - Change Database Version : DB.6.0.120
2025-11-12 20:07:53,650 [INFO] CheckServerUpdateThread:120 - End of CheckServer Thread
2025-11-12 20:07:53,766 [INFO] MainUpdater:2873 - connection check result : 10
2025-11-12 20:07:53,771 [INFO] MainUpdater:2873 - connection check result : 10
2025-11-12 20:07:54,338 [WARN] PackLoader:240 - Cannot read IP mode file for STMicroelectronics.FP-SNS-MOTENVWB1.1.4.0
2025-11-12 20:07:54,349 [WARN] PackLoader:240 - Cannot read IP mode file for STMicroelectronics.FP-ATR-ASTRA1.2.0.2
2025-11-12 20:07:54,355 [WARN] PackLoader:240 - Cannot read IP mode file for STMicroelectronics.FP-ATR-ASTRA1.2.0.1
2025-11-12 20:07:54,364 [WARN] PackLoader:240 - Cannot read IP mode file for STMicroelectronics.X-CUBE-SMBUS.2.1.0
2025-11-12 20:07:54,376 [WARN] PackLoader:240 - Cannot read IP mode file for STMicroelectronics.X-CUBE-WB05N.1.1.0
2025-11-12 20:07:54,383 [ERROR] Engine:466 - /home/moktar/.stm32cubemx/thirdparties/pdsc/STMicroelectronics.X-CUBE-ST60.1.0.0.pdsc: PDSC version is not supported
2025-11-12 20:07:54,439 [WARN] PackLoader:240 - Cannot read IP mode file for STMicroelectronics.X-CUBE-AZRTOS-F7.1.1.0
2025-11-12 20:07:54,564 [WARN] PackLoader:240 - Cannot read IP mode file for STMicroelectronics.X-CUBE-MEMS1.11.0.0
2025-11-12 20:07:54,883 [ERROR] Engine:466 - /home/moktar/.stm32cubemx/thirdparties/pdsc/STMicroelectronics.FP-SNS-MOTENV1.5.1.0.pdsc: PDSC version is not supported
2025-11-12 20:07:54,899 [WARN] PackLoader:240 - Cannot read IP mode file for STMicroelectronics.FP-SNS-FLIGHT1.5.0.2
2025-11-12 20:07:54,934 [WARN] PackLoader:240 - Cannot read IP mode file for STMicroelectronics.X-CUBE-AZRTOS-H7.3.4.0
2025-11-12 20:07:54,986 [WARN] PackLoader:240 - Cannot read IP mode file for STMicroelectronics.X-CUBE-DISPLAY.3.0.0
2025-11-12 20:07:55,004 [WARN] PackLoader:240 - Cannot read IP mode file for STMicroelectronics.X-CUBE-BLE1.7.0.0
2025-11-12 20:07:55,020 [WARN] PackLoader:240 - Cannot read IP mode file for STMicroelectronics.X-CUBE-NFC10.1.0.0
2025-11-12 20:07:55,048 [WARN] PackLoader:240 - Cannot read IP mode file for STMicroelectronics.X-CUBE-BLEMGR.4.0.0
2025-11-12 20:07:55,061 [ERROR] Engine:466 - /home/moktar/.stm32cubemx/thirdparties/pdsc/STMicroelectronics.X-CUBE-ST60.1.1.0.pdsc: PDSC version is not supported
2025-11-12 20:07:55,071 [WARN] PackLoader:240 - Cannot read IP mode file for emotas.I-CUBE-CANOPEN.1.3.0
2025-11-12 20:07:55,085 [WARN] PackLoader:240 - Cannot read IP mode file for STMicroelectronics.X-CUBE-GNSS1.7.1.0
2025-11-12 20:07:55,097 [WARN] PackLoader:240 - Cannot read IP mode file for STMicroelectronics.X-CUBE-BLEMGR.3.1.0
2025-11-12 20:07:55,103 [WARN] PackLoader:240 - Cannot read IP mode file for STMicroelectronics.X-CUBE-AI.10.0.0
2025-11-12 20:07:55,108 [ERROR] Engine:466 - /home/moktar/.stm32cubemx/thirdparties/pdsc/STMicroelectronics.FP-SNS-STBOX1.2.1.0.pdsc: PDSC version is not supported
2025-11-12 20:07:55,113 [WARN] PackLoader:240 - Cannot read IP mode file for STMicroelectronics.FP-SNS-SMARTAG2.1.2.0
2025-11-12 20:07:55,116 [ERROR] Engine:466 - /home/moktar/.stm32cubemx/thirdparties/pdsc/STMicroelectronics.FP-SNS-FLIGHT1.5.1.0.pdsc: PDSC version is not supported
2025-11-12 20:07:55,129 [INFO] LogOutputStream:77 - [STDOUT_REDIRECT] 1 : Invalid condition id : UX_CORESTACK_Condition cause : null
2025-11-12 20:07:55,130 [INFO] LogOutputStream:77 - [STDOUT_REDIRECT] 1 : Invalid condition id : UX_CORESTACK_Condition cause : null
2025-11-12 20:07:55,130 [INFO] LogOutputStream:77 - [STDOUT_REDIRECT] 1 : Invalid condition id : UX_CORESTACK_Condition cause : null
2025-11-12 20:07:55,130 [INFO] LogOutputStream:77 - [STDOUT_REDIRECT] 1 : Invalid condition id : UX_CORESTACK_Condition cause : null
2025-11-12 20:07:55,131 [INFO] LogOutputStream:77 - [STDOUT_REDIRECT] 1 : Invalid condition id : UX_CORESTACK_Condition cause : null
2025-11-12 20:07:55,136 [WARN] PackLoader:240 - Cannot read IP mode file for STMicroelectronics.X-CUBE-AZRTOS-WL.2.0.0
2025-11-12 20:07:55,142 [WARN] PackLoader:240 - Cannot read IP mode file for STMicroelectronics.FP-SNS-MOTENV1.5.0.0
2025-11-12 20:07:55,149 [WARN] PackLoader:240 - Cannot read IP mode file for wolfSSL.I-CUBE-wolfMQTT.1.19.0
2025-11-12 20:07:55,158 [WARN] PackLoader:240 - Cannot read IP mode file for WES.I-CUBE-Cesium.1.3.0
2025-11-12 20:07:55,163 [WARN] PackLoader:240 - Cannot read IP mode file for STMicroelectronics.X-CUBE-BLE2.3.3.0
2025-11-12 20:07:55,166 [ERROR] Engine:466 - /home/moktar/.stm32cubemx/thirdparties/pdsc/Avnet-IOTCONNECT.X-CUBE-iotc-st67-sdk.1.0.0.pdsc: PDSC version is not supported
2025-11-12 20:07:55,173 [WARN] PackLoader:240 - Cannot read IP mode file for STMicroelectronics.X-CUBE-NFC9.1.0.0
2025-11-12 20:07:55,181 [WARN] PackLoader:240 - Cannot read IP mode file for STMicroelectronics.X-CUBE-BLE1.7.1.0
2025-11-12 20:07:55,188 [WARN] PackLoader:240 - Cannot read IP mode file for STMicroelectronics.X-CUBE-TCPP.4.1.0
2025-11-12 20:07:55,197 [WARN] PackLoader:240 - Cannot read IP mode file for STMicroelectronics.X-CUBE-EEPRMA1.5.2.0
2025-11-12 20:07:55,204 [ERROR] Engine:466 - /home/moktar/.stm32cubemx/thirdparties/pdsc/STMicroelectronics.X-CUBE-ST67W61.1.1.0.pdsc: PDSC version is not supported
2025-11-12 20:07:55,207 [WARN] PackLoader:240 - Cannot read IP mode file for STMicroelectronics.X-CUBE-AI.10.1.0
2025-11-12 20:07:55,289 [WARN] PackLoader:240 - Cannot read IP mode file for STMicroelectronics.X-CUBE-MEMS1.11.2.0
2025-11-12 20:07:55,576 [WARN] PackLoader:240 - Cannot read IP mode file for STMicroelectronics.X-CUBE-AZRTOS-G0.1.1.0
2025-11-12 20:07:55,587 [WARN] PackLoader:240 - Cannot read IP mode file for STMicroelectronics.X-CUBE-SAFEA1.1.2.2
2025-11-12 20:07:55,594 [WARN] PackLoader:240 - Cannot read IP mode file for STMicroelectronics.X-CUBE-NFC4.3.0.0
2025-11-12 20:07:55,610 [WARN] PackLoader:240 - Cannot read IP mode file for EmbeddedOffice.I-CUBE-FS-RTOS.1.0.1
2025-11-12 20:07:55,610 [ERROR] ConditionMgr:805 - Attr not supported : Dmpu
2025-11-12 20:07:55,610 [ERROR] ConditionMgr:805 - Attr not supported : Dmpu
2025-11-12 20:07:55,611 [ERROR] ConditionMgr:805 - Attr not supported : Dmpu
2025-11-12 20:07:55,611 [ERROR] ConditionMgr:805 - Attr not supported : Dmpu
2025-11-12 20:07:55,611 [ERROR] ConditionMgr:805 - Attr not supported : Dmpu
2025-11-12 20:07:55,611 [ERROR] ConditionMgr:805 - Attr not supported : Dmpu
2025-11-12 20:07:55,611 [ERROR] ConditionMgr:805 - Attr not supported : Dmpu
2025-11-12 20:07:55,611 [ERROR] ConditionMgr:805 - Attr not supported : Dmpu
2025-11-12 20:07:55,611 [ERROR] ConditionMgr:805 - Attr not supported : Dmpu
2025-11-12 20:07:55,611 [ERROR] ConditionMgr:805 - Attr not supported : Dmpu
2025-11-12 20:07:55,612 [ERROR] ConditionMgr:805 - Attr not supported : Dmpu
2025-11-12 20:07:55,612 [ERROR] ConditionMgr:805 - Attr not supported : Dmpu
2025-11-12 20:07:55,612 [ERROR] ConditionMgr:805 - Attr not supported : Dmpu
2025-11-12 20:07:55,612 [ERROR] ConditionMgr:805 - Attr not supported : Dmpu
2025-11-12 20:07:55,612 [ERROR] ConditionMgr:805 - Attr not supported : Dmpu
2025-11-12 20:07:55,612 [ERROR] ConditionMgr:805 - Attr not supported : Dmpu
2025-11-12 20:07:55,612 [ERROR] ConditionMgr:805 - Attr not supported : Dmpu
2025-11-12 20:07:55,612 [ERROR] ConditionMgr:805 - Attr not supported : Dmpu
2025-11-12 20:07:55,613 [ERROR] ConditionMgr:805 - Attr not supported : Dmpu
2025-11-12 20:07:55,613 [ERROR] ConditionMgr:805 - Attr not supported : Dmpu
2025-11-12 20:07:55,613 [ERROR] ConditionMgr:805 - Attr not supported : Dmpu
2025-11-12 20:07:55,613 [ERROR] ConditionMgr:805 - Attr not supported : Dmpu
2025-11-12 20:07:55,613 [ERROR] ConditionMgr:805 - Attr not supported : Dmpu
2025-11-12 20:07:55,613 [ERROR] ConditionMgr:805 - Attr not supported : Dmpu
2025-11-12 20:07:55,613 [ERROR] ConditionMgr:805 - Attr not supported : Dmpu
2025-11-12 20:07:55,613 [ERROR] ConditionMgr:805 - Attr not supported : Dmpu
2025-11-12 20:07:55,613 [ERROR] ConditionMgr:805 - Attr not supported : Dmpu
2025-11-12 20:07:55,614 [ERROR] ConditionMgr:805 - Attr not supported : Dmpu
2025-11-12 20:07:55,614 [ERROR] ConditionMgr:805 - Attr not supported : Dmpu
2025-11-12 20:07:55,614 [ERROR] ConditionMgr:805 - Attr not supported : Dmpu
2025-11-12 20:07:55,614 [ERROR] ConditionMgr:805 - Attr not supported : Dmpu
2025-11-12 20:07:55,614 [ERROR] ConditionMgr:805 - Attr not supported : Dmpu
2025-11-12 20:07:55,614 [ERROR] ConditionMgr:805 - Attr not supported : Dmpu
2025-11-12 20:07:55,614 [ERROR] ConditionMgr:805 - Attr not supported : Dmpu
2025-11-12 20:07:55,614 [ERROR] ConditionMgr:805 - Attr not supported : Dmpu
2025-11-12 20:07:55,614 [ERROR] ConditionMgr:805 - Attr not supported : Dmpu
2025-11-12 20:07:55,614 [ERROR] ConditionMgr:805 - Attr not supported : Dmpu
2025-11-12 20:07:55,615 [ERROR] ConditionMgr:805 - Attr not supported : Dmpu
2025-11-12 20:07:55,615 [ERROR] ConditionMgr:805 - Attr not supported : Dmpu
2025-11-12 20:07:55,615 [ERROR] ConditionMgr:805 - Attr not supported : Dmpu
2025-11-12 20:07:55,615 [ERROR] ConditionMgr:805 - Attr not supported : Dmpu
2025-11-12 20:07:55,615 [ERROR] ConditionMgr:805 - Attr not supported : Dmpu
2025-11-12 20:07:55,615 [ERROR] ConditionMgr:805 - Attr not supported : Dmpu
2025-11-12 20:07:55,615 [ERROR] ConditionMgr:805 - Attr not supported : Dmpu
2025-11-12 20:07:55,615 [ERROR] ConditionMgr:805 - Attr not supported : Dmpu
2025-11-12 20:07:55,615 [ERROR] ConditionMgr:805 - Attr not supported : Dmpu
2025-11-12 20:07:55,616 [ERROR] ConditionMgr:805 - Attr not supported : Dmpu
2025-11-12 20:07:55,616 [ERROR] ConditionMgr:805 - Attr not supported : Dmpu
2025-11-12 20:07:55,616 [ERROR] ConditionMgr:805 - Attr not supported : Dmpu
2025-11-12 20:07:55,616 [ERROR] ConditionMgr:805 - Attr not supported : Dmpu
2025-11-12 20:07:55,616 [ERROR] ConditionMgr:805 - Attr not supported : Dmpu
2025-11-12 20:07:55,616 [ERROR] ConditionMgr:805 - Attr not supported : Dmpu
2025-11-12 20:07:55,616 [ERROR] ConditionMgr:805 - Attr not supported : Dmpu
2025-11-12 20:07:55,616 [ERROR] ConditionMgr:805 - Attr not supported : Dmpu
2025-11-12 20:07:55,616 [ERROR] ConditionMgr:805 - Attr not supported : Dmpu
2025-11-12 20:07:55,617 [ERROR] ConditionMgr:805 - Attr not supported : Dmpu
2025-11-12 20:07:55,617 [ERROR] ConditionMgr:805 - Attr not supported : Dmpu
2025-11-12 20:07:55,617 [ERROR] ConditionMgr:805 - Attr not supported : Dmpu
2025-11-12 20:07:55,617 [ERROR] ConditionMgr:805 - Attr not supported : Dmpu
2025-11-12 20:07:55,617 [ERROR] ConditionMgr:805 - Attr not supported : Dmpu
2025-11-12 20:07:55,617 [ERROR] ConditionMgr:805 - Attr not supported : Dmpu
2025-11-12 20:07:55,617 [ERROR] ConditionMgr:805 - Attr not supported : Dmpu
2025-11-12 20:07:55,617 [ERROR] ConditionMgr:805 - Attr not supported : Dmpu
2025-11-12 20:07:55,618 [ERROR] ConditionMgr:805 - Attr not supported : Dmpu
2025-11-12 20:07:55,624 [WARN] PackLoader:240 - Cannot read IP mode file for STMicroelectronics.X-CUBE-WB05N.2.0.0
2025-11-12 20:07:55,629 [ERROR] Engine:466 - /home/moktar/.stm32cubemx/thirdparties/pdsc/STMicroelectronics.X-CUBE-TCPP.4.2.0.pdsc: PDSC version is not supported
2025-11-12 20:07:55,633 [WARN] PackLoader:240 - Cannot read IP mode file for RealThread.X-CUBE-RT-Thread_Nano.4.1.1
2025-11-12 20:07:55,639 [WARN] PackLoader:240 - Cannot read IP mode file for wolfSSL.I-CUBE-wolfSSL.5.7.0
2025-11-12 20:07:55,642 [WARN] PackLoader:240 - Cannot read IP mode file for STMicroelectronics.FP-ATR-SIGFOX1.3.2.0
2025-11-12 20:07:55,646 [WARN] ConditionMgr:438 - getConditionDescription Invalid condition id : Cortex-A Device cause : null
2025-11-12 20:07:55,661 [WARN] ConditionMgr:1039 - genDependencies : Invalid condition id : Cortex-A Device cause : null
2025-11-12 20:07:55,661 [WARN] ConditionMgr:1039 - genDependencies : Invalid condition id : Cortex-A Device cause : null
2025-11-12 20:07:55,662 [WARN] ConditionMgr:1039 - genDependencies : Invalid condition id : Cortex-A Device cause : null
2025-11-12 20:07:55,669 [WARN] PackLoader:240 - Cannot read IP mode file for STMicroelectronics.X-CUBE-EEPRMA1.5.1.0
2025-11-12 20:07:55,678 [WARN] PackLoader:240 - Cannot read IP mode file for ITTIA_DB.I-CUBE-ITTIADB.8.9.0
2025-11-12 20:07:55,682 [ERROR] Engine:466 - /home/moktar/.stm32cubemx/thirdparties/pdsc/STMicroelectronics.X-CUBE-ST67W61.1.0.0.pdsc: PDSC version is not supported
2025-11-12 20:07:55,688 [WARN] PackLoader:240 - Cannot read IP mode file for STMicroelectronics.X-CUBE-AI.10.2.0
2025-11-12 20:07:55,734 [WARN] PackLoader:240 - Cannot read IP mode file for SEGGER.I-CUBE-embOS.1.3.1
2025-11-12 20:07:55,841 [WARN] PackLoader:240 - Cannot read IP mode file for STMicroelectronics.X-CUBE-ALGOBUILD.1.4.0
2025-11-12 20:07:55,949 [WARN] PackLoader:240 - Cannot read IP mode file for STMicroelectronics.X-CUBE-MEMS1.11.3.0
2025-11-12 20:07:56,179 [WARN] PackLoader:240 - Cannot read IP mode file for STMicroelectronics.X-CUBE-AI.9.1.0
2025-11-12 20:07:56,183 [WARN] PackLoader:240 - Cannot read IP mode file for STMicroelectronics.X-CUBE-PM33A1.1.0.0
2025-11-12 20:07:56,189 [WARN] PackLoader:240 - Cannot read IP mode file for STMicroelectronics.X-CUBE-GNSS1.6.0.0
2025-11-12 20:07:56,216 [WARN] PackLoader:240 - Cannot read IP mode file for STMicroelectronics.X-CUBE-AZRTOS-F4.1.1.0
2025-11-12 20:07:56,222 [ERROR] Engine:466 - /home/moktar/.stm32cubemx/thirdparties/pdsc/Avnet-IotConnect.X-CUBE-IoTC-DA16k-PMOD.1.0.0.pdsc: PDSC version is not supported
2025-11-12 20:07:56,226 [WARN] PackLoader:240 - Cannot read IP mode file for STMicroelectronics.X-CUBE-ISPU.2.1.0
2025-11-12 20:07:56,235 [ERROR] Engine:466 - /home/moktar/.stm32cubemx/thirdparties/pdsc/STMicroelectronics.X-CUBE-IPS.3.2.0.pdsc: PDSC version is not supported
2025-11-12 20:07:56,243 [WARN] PackLoader:240 - Cannot read IP mode file for STMicroelectronics.X-CUBE-FREERTOS.1.2.0
2025-11-12 20:07:56,357 [WARN] PackLoader:240 - Cannot read IP mode file for STMicroelectronics.X-CUBE-NFC12.1.0.0
2025-11-12 20:07:56,387 [WARN] PackLoader:240 - Cannot read IP mode file for STMicroelectronics.X-CUBE-AZRTOS-L5.2.0.0
2025-11-12 20:07:56,400 [WARN] PackLoader:240 - Cannot read IP mode file for STMicroelectronics.X-CUBE-NFC6.3.1.0
2025-11-12 20:07:56,409 [WARN] PackLoader:240 - Cannot read IP mode file for STMicroelectronics.X-CUBE-DPower.1.2.0
2025-11-12 20:07:56,413 [WARN] PackLoader:240 - Cannot read IP mode file for STMicroelectronics.X-CUBE-AI.9.0.0
2025-11-12 20:07:56,420 [WARN] PackLoader:240 - Cannot read IP mode file for STMicroelectronics.X-CUBE-FREERTOS.1.3.1
2025-11-12 20:07:56,425 [WARN] PackLoader:240 - Cannot read IP mode file for STMicroelectronics.X-CUBE-NFC7.1.0.1
2025-11-12 20:07:56,429 [WARN] PackLoader:240 - Cannot read IP mode file for wolfSSL.I-CUBE-wolfTPM.3.2.0
2025-11-12 20:07:56,434 [WARN] PackLoader:240 - Cannot read IP mode file for STMicroelectronics.X-CUBE-TOUCHGFX.4.26.0
2025-11-12 20:07:56,437 [ERROR] Engine:466 - /home/moktar/.stm32cubemx/thirdparties/pdsc/STMicroelectronics.FP-SNS-STAIOTCFT.1.0.0.pdsc: PDSC version is not supported
2025-11-12 20:07:56,442 [WARN] PackLoader:240 - Cannot read IP mode file for STMicroelectronics.X-CUBE-DPower.1.3.0
2025-11-12 20:07:56,478 [WARN] ConditionMgr:438 - getConditionDescription Invalid condition id : LAN8742 Phy interface Condition cause : null
2025-11-12 20:07:56,479 [WARN] PackLoader:240 - Cannot read IP mode file for STMicroelectronics.X-CUBE-AZRTOS-L4.2.0.0
2025-11-12 20:07:56,481 [WARN] ConditionMgr:1039 - genDependencies : Invalid condition id : LAN8742 Phy interface Condition cause : null
2025-11-12 20:07:56,481 [WARN] ConditionMgr:1039 - genDependencies : Invalid condition id : LAN8742 Phy interface Condition cause : null
2025-11-12 20:07:56,482 [WARN] ConditionMgr:1039 - genDependencies : Invalid condition id : LAN8742 Phy interface Condition cause : null
2025-11-12 20:07:56,491 [WARN] PackLoader:240 - Cannot read IP mode file for STMicroelectronics.X-CUBE-SFXS2LP1.4.0.0
2025-11-12 20:07:56,525 [WARN] PackLoader:240 - Cannot read IP mode file for STMicroelectronics.X-CUBE-AZRTOS-H7.3.3.0
2025-11-12 20:07:56,536 [ERROR] Engine:466 - /home/moktar/.stm32cubemx/thirdparties/pdsc/STMicroelectronics.X-CUBE-BLEMGR.4.1.0.pdsc: PDSC version is not supported
2025-11-12 20:07:56,550 [WARN] PackLoader:240 - Cannot read IP mode file for STMicroelectronics.X-CUBE-IPS.3.0.0
2025-11-12 20:07:56,574 [WARN] ConditionMgr:438 - getConditionDescription Invalid condition id : UX DEVICE CLASS RTOS Condition cause : null
2025-11-12 20:07:56,575 [WARN] ConditionMgr:438 - getConditionDescription Invalid condition id : UX DEVICE CLASS RTOS Condition cause : null
2025-11-12 20:07:56,578 [WARN] PackLoader:240 - Cannot read IP mode file for STMicroelectronics.X-CUBE-AZRTOS-WB.2.0.0
2025-11-12 20:07:56,579 [WARN] ConditionMgr:1039 - genDependencies : Invalid condition id : UX DEVICE CLASS RTOS Condition cause : null
2025-11-12 20:07:56,580 [WARN] ConditionMgr:1039 - genDependencies : Invalid condition id : UX DEVICE CLASS RTOS Condition cause : null
2025-11-12 20:07:56,580 [WARN] ConditionMgr:1039 - genDependencies : Invalid condition id : UX DEVICE CLASS RTOS Condition cause : null
2025-11-12 20:07:56,581 [WARN] ConditionMgr:1039 - genDependencies : Invalid condition id : UX DEVICE CLASS RTOS Condition cause : null
2025-11-12 20:07:56,581 [WARN] ConditionMgr:1039 - genDependencies : Invalid condition id : UX DEVICE CLASS RTOS Condition cause : null
2025-11-12 20:07:56,588 [WARN] PackLoader:240 - Cannot read IP mode file for STMicroelectronics.X-CUBE-GNSS1.7.0.0
2025-11-12 20:07:56,597 [WARN] PackLoader:240 - Cannot read IP mode file for STMicroelectronics.X-CUBE-GNSS1.7.0.1
2025-11-12 20:07:56,660 [WARN] PackLoader:240 - Cannot read IP mode file for STMicroelectronics.X-CUBE-TOUCHGFX.4.25.0
2025-11-12 20:07:56,675 [WARN] PackLoader:240 - Cannot read IP mode file for STMicroelectronics.FP-SNS-STBOX1.2.0.0
2025-11-12 20:07:56,701 [WARN] PackLoader:240 - Cannot read IP mode file for STMicroelectronics.X-CUBE-SUBG2.5.0.0
2025-11-12 20:07:56,736 [WARN] PackLoader:240 - Cannot read IP mode file for STMicroelectronics.X-CUBE-AZRTOS-H7RS.1.1.0
2025-11-12 20:07:56,744 [WARN] PackLoader:240 - Cannot read IP mode file for Cesanta.I-CUBE-Mongoose.7.13.0
2025-11-12 20:07:56,758 [WARN] PackLoader:240 - Cannot read IP mode file for STMicroelectronics.X-CUBE-AZRTOS-G4.2.0.0
2025-11-12 20:07:56,763 [WARN] PackLoader:240 - Cannot read IP mode file for STMicroelectronics.X-CUBE-NFC7.2.0.0
2025-11-12 20:07:56,767 [WARN] PackLoader:240 - Cannot read IP mode file for STMicroelectronics.X-CUBE-ISPU.2.0.0
2025-11-12 20:07:56,779 [ERROR] Engine:466 - /home/moktar/.stm32cubemx/thirdparties/pdsc/STMicroelectronics.X-CUBE-IPS.3.1.0.pdsc: PDSC version is not supported
2025-11-12 20:07:56,788 [WARN] PackLoader:240 - Cannot read IP mode file for STMicroelectronics.X-CUBE-ALS.1.0.2
2025-11-12 20:07:56,869 [WARN] PackLoader:240 - Cannot read IP mode file for STMicroelectronics.X-CUBE-MEMS1.10.0.0
2025-11-12 20:07:57,056 [WARN] PackLoader:240 - Cannot read IP mode file for STMicroelectronics.X-CUBE-TOUCHGFX.4.24.0
2025-11-12 20:07:57,059 [WARN] PackLoader:240 - Cannot read IP mode file for STMicroelectronics.X-CUBE-TOUCHGFX.4.24.1
2025-11-12 20:07:57,067 [WARN] PackLoader:240 - Cannot read IP mode file for STMicroelectronics.X-CUBE-STSE01.1.0.0
2025-11-12 20:07:57,075 [WARN] PackLoader:240 - Cannot read IP mode file for portGmbH.I-Cube-SoM-uGOAL.1.1.0
2025-11-12 20:07:57,100 [WARN] PackLoader:240 - Cannot read IP mode file for STMicroelectronics.X-CUBE-AZRTOS-H7RS.1.0.0
2025-11-12 20:07:57,109 [WARN] PackLoader:240 - Cannot read IP mode file for STMicroelectronics.FP-ATR-ASTRA1.2.0.0
2025-11-12 20:07:57,125 [WARN] PackLoader:240 - Cannot read IP mode file for STMicroelectronics.X-CUBE-TOF1.3.4.2
2025-11-12 20:07:57,148 [ERROR] Engine:466 - /home/moktar/.stm32cubemx/thirdparties/pdsc/STMicroelectronics.X-CUBE-TOF1.3.4.3.pdsc: PDSC version is not supported
2025-11-12 20:07:57,161 [WARN] PackLoader:240 - Cannot read IP mode file for STMicroelectronics.X-CUBE-TOF1.3.4.1
2025-11-12 20:07:57,204 [WARN] PackLoader:240 - Cannot read IP mode file for STMicroelectronics.X-CUBE-AZRTOS-H7.3.2.0
2025-11-12 20:07:57,224 [WARN] PackLoader:240 - Cannot read IP mode file for Infineon.AIROC-Wi-Fi-Bluetooth-STM32.1.6.0
2025-11-12 20:07:57,232 [WARN] PackLoader:240 - Cannot read IP mode file for wolfSSL.I-CUBE-wolfSSH.1.4.17
2025-11-12 20:07:57,233 [INFO] ThirdParty:978 - Integrity check success = true
2025-11-12 20:07:57,233 [INFO] IntegrityCheckThread:100 - exiting critical section [integrity check]
2025-11-12 20:07:57,233 [INFO] IntegrityCheckThread:103 - End integrity checks thread
