2025-11-11 23:10:11,262 [INFO] Activator:176 - 


2025-11-11 23:10:11,272 [INFO] Activator:177 - !SESSION log4j initialized
2025-11-11 23:10:16,660 [INFO] ApplicationProperties:184 - Using Application install path: /opt/st/stm32cubeide_1.16.0/plugins/com.st.stm32cube.common.mx_6.12.0.202406281431
2025-11-11 23:10:16,690 [INFO] DbMcusXml:78 - Set database path to: /opt/st/stm32cubeide_1.16.0/plugins/com.st.stm32cube.common.mx_6.12.0.202406281431//db//mcu/
2025-11-11 23:10:16,691 [INFO] ApiDb:274 - Set plugin database path to: /opt/st/stm32cubeide_1.16.0/plugins/com.st.stm32cube.common.mx_6.12.0.202406281431//db//plugins/boardmanager/
2025-11-11 23:10:16,692 [WARN] ApiDb:259 - Overriding images path with different value:  => /opt/st/stm32cubeide_1.16.0/plugins/com.st.stm32cube.common.mx_6.12.0.202406281431//db//plugins/mcufinder/images/
2025-11-11 23:10:16,706 [INFO] ApiDb:250 - Set database path to: /home/moktar/.stmcufinder/plugins/mcufinder//mcu/
2025-11-11 23:10:16,708 [INFO] DbMcusAds:125 - Set database path to: /home/moktar/.stmcufinder/plugins/mcufinder//mcu/
2025-11-11 23:10:16,806 [INFO] CrossReferenceDbSqlite:203 - Set database path to: /home/moktar/.stmcufinder/plugins/mcufinder//mcu/cs/
2025-11-11 23:10:17,057 [INFO] RulesReader:64 - Compatibility file has been processed (297 Rules)
2025-11-11 23:10:17,218 [INFO] DbMcusXml:78 - Set database path to: /opt/st/stm32cubeide_1.16.0/plugins/com.st.stm32cube.common.mx_6.12.0.202406281431//db//mcu/
2025-11-11 23:10:17,218 [INFO] ApiDb:274 - Set plugin database path to: /opt/st/stm32cubeide_1.16.0/plugins/com.st.stm32cube.common.mx_6.12.0.202406281431//db//plugins/boardmanager/
2025-11-11 23:10:17,218 [INFO] ApiDb:261 - Set plugin images path to: /opt/st/stm32cubeide_1.16.0/plugins/com.st.stm32cube.common.mx_6.12.0.202406281431//db//plugins/mcufinder/images/
2025-11-11 23:10:17,219 [WARN] DbFile:41 - Overriding database path with different value: /home/moktar/.stmcufinder/plugins/mcufinder/ => /home/moktar/.stmcufinder/plugins/mcufinder
2025-11-11 23:10:17,219 [INFO] ApiDb:250 - Set database path to: /home/moktar/.stmcufinder/plugins/mcufinder//mcu/
2025-11-11 23:10:17,220 [WARN] DbFile:41 - Overriding database path with different value: /home/moktar/.stmcufinder/plugins/mcufinder/ => /home/moktar/.stmcufinder/plugins/mcufinder
2025-11-11 23:10:17,220 [INFO] DbMcusAds:125 - Set database path to: /home/moktar/.stmcufinder/plugins/mcufinder//mcu/
2025-11-11 23:10:17,220 [WARN] DbFile:41 - Overriding database path with different value: /home/moktar/.stmcufinder/plugins/mcufinder/ => /home/moktar/.stmcufinder/plugins/mcufinder
2025-11-11 23:10:17,220 [WARN] DbFile:41 - Overriding database path with different value: /home/moktar/.stmcufinder/plugins/mcufinder/ => /home/moktar/.stmcufinder/plugins/mcufinder
2025-11-11 23:10:17,220 [INFO] CrossReferenceDbSqlite:203 - Set database path to: /home/moktar/.stmcufinder/plugins/mcufinder//mcu/cs/
2025-11-11 23:10:17,378 [INFO] MainPanel:268 - HeapMemory: 268435456
2025-11-11 23:10:17,644 [INFO] DbMcusXml:78 - Set database path to: /opt/st/stm32cubeide_1.16.0/plugins/com.st.stm32cube.common.mx_6.12.0.202406281431//db//mcu/
2025-11-11 23:10:17,645 [INFO] ApiDb:274 - Set plugin database path to: /opt/st/stm32cubeide_1.16.0/plugins/com.st.stm32cube.common.mx_6.12.0.202406281431//db//plugins/boardmanager/
2025-11-11 23:10:17,645 [INFO] ApiDb:261 - Set plugin images path to: /opt/st/stm32cubeide_1.16.0/plugins/com.st.stm32cube.common.mx_6.12.0.202406281431//db//plugins/mcufinder/images/
2025-11-11 23:10:17,646 [WARN] DbFile:41 - Overriding database path with different value: /home/moktar/.stmcufinder/plugins/mcufinder/ => /home/moktar/.stmcufinder/plugins/mcufinder
2025-11-11 23:10:17,646 [INFO] ApiDb:250 - Set database path to: /home/moktar/.stmcufinder/plugins/mcufinder//mcu/
2025-11-11 23:10:17,647 [WARN] DbFile:41 - Overriding database path with different value: /home/moktar/.stmcufinder/plugins/mcufinder/ => /home/moktar/.stmcufinder/plugins/mcufinder
2025-11-11 23:10:17,648 [INFO] DbMcusAds:125 - Set database path to: /home/moktar/.stmcufinder/plugins/mcufinder//mcu/
2025-11-11 23:10:17,648 [WARN] DbFile:41 - Overriding database path with different value: /home/moktar/.stmcufinder/plugins/mcufinder/ => /home/moktar/.stmcufinder/plugins/mcufinder
2025-11-11 23:10:17,648 [WARN] DbFile:41 - Overriding database path with different value: /home/moktar/.stmcufinder/plugins/mcufinder/ => /home/moktar/.stmcufinder/plugins/mcufinder
2025-11-11 23:10:17,648 [INFO] CrossReferenceDbSqlite:203 - Set database path to: /home/moktar/.stmcufinder/plugins/mcufinder//mcu/cs/
2025-11-11 23:10:17,678 [INFO] ApplicationProperties:184 - Using Application install path: /opt/st/stm32cubeide_1.16.0/plugins/com.st.stm32cube.common.mx_6.12.0.202406281431
2025-11-11 23:10:17,680 [INFO] PluginManage:196 - Search for loadable plugins [exclusion list=, ]
2025-11-11 23:10:17,685 [INFO] PluginManage:310 - Check plugin analytics
2025-11-11 23:10:18,521 [INFO] AnalyticsPlugin:253 - Accepted Software Licenses: 
2025-11-11 23:10:18,521 [INFO] AnalyticsPlugin:255 - Accepted CMSIS Pack Licenses: 
2025-11-11 23:10:18,522 [INFO] AnalyticsPlugin:257 - Accepted Firmware Licenses: FW.F4.1.28.0
2025-11-11 23:10:18,527 [INFO] PluginManage:359 - Loaded plugin analytics (category:tool,tabindex:-1)
2025-11-11 23:10:18,528 [INFO] PluginManage:310 - Check plugin cadmodel
2025-11-11 23:10:18,541 [INFO] CADModel:105 - Init CAD model plugin
2025-11-11 23:10:18,543 [INFO] PluginManage:359 - Loaded plugin cadmodel (category:power,tabindex:5)
2025-11-11 23:10:18,544 [INFO] PluginManage:310 - Check plugin clock
2025-11-11 23:10:18,584 [INFO] PluginManage:359 - Loaded plugin clock (category:base,tabindex:2)
2025-11-11 23:10:18,584 [INFO] PluginManage:310 - Check plugin ddr
2025-11-11 23:10:18,596 [INFO] PluginManage:359 - Loaded plugin ddr (category:tool,tabindex:6)
2025-11-11 23:10:18,596 [INFO] PluginManage:310 - Check plugin filemanager
2025-11-11 23:10:19,185 [INFO] PluginManage:359 - Loaded plugin filemanager (category:base,tabindex:10)
2025-11-11 23:10:19,186 [INFO] PluginManage:310 - Check plugin ipmanager
2025-11-11 23:10:19,217 [INFO] PluginManage:359 - Loaded plugin ipmanager (category:base,tabindex:5)
2025-11-11 23:10:19,218 [INFO] PluginManage:310 - Check plugin lpbam
2025-11-11 23:10:19,257 [INFO] PluginManage:359 - Loaded plugin lpbam (category:base,tabindex:0)
2025-11-11 23:10:19,258 [INFO] PluginManage:310 - Check plugin memorymap
2025-11-11 23:10:19,292 [INFO] PluginManage:359 - Loaded plugin memorymap (category:base,tabindex:4)
2025-11-11 23:10:19,293 [INFO] PluginManage:310 - Check plugin pinoutandconfiguration
2025-11-11 23:10:19,317 [INFO] PluginManage:359 - Loaded plugin pinoutandconfiguration (category:base,tabindex:1)
2025-11-11 23:10:19,318 [INFO] PluginManage:310 - Check plugin pinoutconfig
2025-11-11 23:10:19,513 [WARN] SupportedApi:132 - Cannot load RTOS API schema: s4s-elt-must-match.1: The content of 'definitions' must match (annotation?, (simpleType | complexType)?, (unique | key | keyref)*)). A problem was found starting at: attribute.
2025-11-11 23:10:19,934 [INFO] PluginManage:359 - Loaded plugin pinoutconfig (category:base,tabindex:0)
2025-11-11 23:10:19,935 [INFO] PluginManage:310 - Check plugin power
2025-11-11 23:10:19,970 [INFO] PluginManage:359 - Loaded plugin power (category:power,tabindex:4)
2025-11-11 23:10:19,971 [INFO] PluginManage:310 - Check plugin projectmanager
2025-11-11 23:10:20,017 [INFO] PluginManage:359 - Loaded plugin projectmanager (category:projectmanager,tabindex:4)
2025-11-11 23:10:20,018 [INFO] PluginManage:310 - Check plugin rif
2025-11-11 23:10:20,032 [INFO] PluginManage:359 - Loaded plugin rif (category:base,tabindex:3)
2025-11-11 23:10:20,032 [INFO] PluginManage:310 - Check plugin thirdparty
2025-11-11 23:10:20,413 [INFO] PluginManage:359 - Loaded plugin thirdparty (category:base,tabindex:-1)
2025-11-11 23:10:20,414 [INFO] PluginManage:310 - Check plugin tools
2025-11-11 23:10:20,417 [WARN] IntegrityCheckThread:84 - waiting for thirdparty lock release [integrity check]
2025-11-11 23:10:20,417 [INFO] IntegrityCheckThread:86 - entering critical section [integrity check]
2025-11-11 23:10:20,420 [INFO] ThirdPartyUpdaterWithRetryManager:70 - Updater plugin not ready yet. [1/15]
2025-11-11 23:10:20,427 [INFO] PluginManage:359 - Loaded plugin tools (category:base,tabindex:7)
2025-11-11 23:10:20,428 [INFO] PluginManage:310 - Check plugin tutovideos
2025-11-11 23:10:20,865 [INFO] PluginManage:359 - Loaded plugin tutovideos (category:base,tabindex:-1)
2025-11-11 23:10:20,870 [INFO] PluginManage:310 - Check plugin updater
2025-11-11 23:10:20,930 [INFO] PluginManage:359 - Loaded plugin updater (category:base,tabindex:12)
2025-11-11 23:10:20,930 [INFO] PluginManage:310 - Check plugin userauth
2025-11-11 23:10:20,948 [INFO] UserAuth:113 - Init User Auth plugin
2025-11-11 23:10:20,949 [INFO] PluginManage:359 - Loaded plugin userauth (category:base,tabindex:14)
2025-11-11 23:10:20,950 [INFO] PluginManage:283 - PluginManage : Loaded plugins [18]
2025-11-11 23:10:21,339 [INFO] PinOutPanel:1561 - setPackage(No Configuration,No Configuration)
2025-11-11 23:10:21,490 [INFO] CADModel:165 - CPN selected for project level
2025-11-11 23:10:21,491 [INFO] CADModel:114 - Register for checkConnection events
2025-11-11 23:10:21,508 [INFO] IPUIPlugin:80 - create IPUIPlugin
2025-11-11 23:10:21,513 [INFO] PluginManager:220 - loadIPPluginJar : add radio
2025-11-11 23:10:21,517 [INFO] IPUIPlugin:80 - create IPUIPlugin
2025-11-11 23:10:21,518 [INFO] PluginManager:220 - loadIPPluginJar : add tim
2025-11-11 23:10:21,524 [INFO] IPUIPlugin:80 - create IPUIPlugin
2025-11-11 23:10:21,526 [INFO] PluginManager:220 - loadIPPluginJar : add gpio
2025-11-11 23:10:21,536 [INFO] IPUIPlugin:80 - create IPUIPlugin
2025-11-11 23:10:21,537 [INFO] PluginManager:220 - loadIPPluginJar : add usart
2025-11-11 23:10:21,547 [INFO] IPUIPlugin:80 - create IPUIPlugin
2025-11-11 23:10:21,547 [INFO] PluginManager:220 - loadIPPluginJar : add linkedlist
2025-11-11 23:10:21,550 [INFO] IPUIPlugin:80 - create IPUIPlugin
2025-11-11 23:10:21,552 [INFO] PluginManager:220 - loadIPPluginJar : add tracer_emb
2025-11-11 23:10:21,556 [INFO] IPUIPlugin:80 - create IPUIPlugin
2025-11-11 23:10:21,557 [INFO] PluginManager:220 - loadIPPluginJar : add ucpd
2025-11-11 23:10:21,562 [INFO] IPUIPlugin:80 - create IPUIPlugin
2025-11-11 23:10:21,563 [INFO] PluginManager:220 - loadIPPluginJar : add touchsensing
2025-11-11 23:10:21,571 [INFO] IPUIPlugin:80 - create IPUIPlugin
2025-11-11 23:10:21,571 [INFO] PluginManager:220 - loadIPPluginJar : add fmc
2025-11-11 23:10:21,573 [INFO] IPUIPlugin:80 - create IPUIPlugin
2025-11-11 23:10:21,573 [INFO] PluginManager:220 - loadIPPluginJar : add tsc
2025-11-11 23:10:21,577 [INFO] IPUIPlugin:80 - create IPUIPlugin
2025-11-11 23:10:21,577 [INFO] PluginManager:220 - loadIPPluginJar : add hash
2025-11-11 23:10:21,580 [INFO] IPUIPlugin:80 - create IPUIPlugin
2025-11-11 23:10:21,580 [INFO] PluginManager:220 - loadIPPluginJar : add spi
2025-11-11 23:10:21,586 [INFO] IPUIPlugin:80 - create IPUIPlugin
2025-11-11 23:10:21,587 [INFO] PluginManager:220 - loadIPPluginJar : add ts
2025-11-11 23:10:21,589 [INFO] IPUIPlugin:80 - create IPUIPlugin
2025-11-11 23:10:21,590 [INFO] PluginManager:220 - loadIPPluginJar : add dfsdm
2025-11-11 23:10:21,595 [INFO] IPUIPlugin:80 - create IPUIPlugin
2025-11-11 23:10:21,595 [INFO] PluginManager:220 - loadIPPluginJar : add extmemmanager
2025-11-11 23:10:21,600 [INFO] IPUIPlugin:80 - create IPUIPlugin
2025-11-11 23:10:21,600 [INFO] PluginManager:220 - loadIPPluginJar : add sai
2025-11-11 23:10:21,604 [INFO] IPUIPlugin:80 - create IPUIPlugin
2025-11-11 23:10:21,604 [INFO] PluginManager:220 - loadIPPluginJar : add gfxmmu
2025-11-11 23:10:21,609 [INFO] IPUIPlugin:80 - create IPUIPlugin
2025-11-11 23:10:21,609 [INFO] PluginManager:220 - loadIPPluginJar : add openamp
2025-11-11 23:10:21,617 [INFO] IPUIPlugin:80 - create IPUIPlugin
2025-11-11 23:10:21,617 [INFO] PluginManager:220 - loadIPPluginJar : add i2c
2025-11-11 23:10:21,624 [INFO] IPUIPlugin:80 - create IPUIPlugin
2025-11-11 23:10:21,625 [INFO] PluginManager:220 - loadIPPluginJar : add stm32_wpan
2025-11-11 23:10:21,629 [INFO] IPUIPlugin:80 - create IPUIPlugin
2025-11-11 23:10:21,629 [INFO] PluginManager:220 - loadIPPluginJar : add can
2025-11-11 23:10:21,631 [INFO] IPUIPlugin:80 - create IPUIPlugin
2025-11-11 23:10:21,632 [INFO] PluginManager:220 - loadIPPluginJar : add genericplugin
2025-11-11 23:10:21,634 [INFO] IPUIPlugin:80 - create IPUIPlugin
2025-11-11 23:10:21,634 [INFO] PluginManager:220 - loadIPPluginJar : add fatfs
2025-11-11 23:10:21,638 [INFO] IPUIPlugin:80 - create IPUIPlugin
2025-11-11 23:10:21,639 [INFO] PluginManager:220 - loadIPPluginJar : add opamp
2025-11-11 23:10:21,649 [INFO] IPUIPlugin:80 - create IPUIPlugin
2025-11-11 23:10:21,650 [INFO] PluginManager:220 - loadIPPluginJar : add dma
2025-11-11 23:10:21,653 [INFO] IPUIPlugin:80 - create IPUIPlugin
2025-11-11 23:10:21,653 [INFO] PluginManager:220 - loadIPPluginJar : add i2s
2025-11-11 23:10:21,655 [INFO] IPUIPlugin:80 - create IPUIPlugin
2025-11-11 23:10:21,655 [INFO] PluginManager:220 - loadIPPluginJar : add comp
2025-11-11 23:10:21,657 [INFO] IPUIPlugin:80 - create IPUIPlugin
2025-11-11 23:10:21,658 [INFO] PluginManager:220 - loadIPPluginJar : add quadspi
2025-11-11 23:10:21,665 [INFO] IPUIPlugin:80 - create IPUIPlugin
2025-11-11 23:10:21,666 [INFO] PluginManager:220 - loadIPPluginJar : add freertos
2025-11-11 23:10:21,671 [INFO] IPUIPlugin:80 - create IPUIPlugin
2025-11-11 23:10:21,672 [INFO] PluginManager:220 - loadIPPluginJar : add nvic
2025-11-11 23:10:21,683 [INFO] IPUIPlugin:80 - create IPUIPlugin
2025-11-11 23:10:21,683 [INFO] PluginManager:220 - loadIPPluginJar : add gic
2025-11-11 23:10:21,687 [INFO] IPUIPlugin:80 - create IPUIPlugin
2025-11-11 23:10:21,687 [INFO] PluginManager:220 - loadIPPluginJar : add i3c
2025-11-11 23:10:21,697 [INFO] IPUIPlugin:80 - create IPUIPlugin
2025-11-11 23:10:21,697 [INFO] PluginManager:220 - loadIPPluginJar : add mdma
2025-11-11 23:10:21,703 [INFO] IPUIPlugin:80 - create IPUIPlugin
2025-11-11 23:10:21,703 [INFO] PluginManager:220 - loadIPPluginJar : add resmgrutility
2025-11-11 23:10:21,708 [INFO] IPUIPlugin:80 - create IPUIPlugin
2025-11-11 23:10:21,708 [INFO] PluginManager:220 - loadIPPluginJar : add gtzc
2025-11-11 23:10:21,719 [INFO] IPUIPlugin:80 - create IPUIPlugin
2025-11-11 23:10:21,723 [INFO] PluginManager:220 - loadIPPluginJar : add plateformsettings
2025-11-11 23:10:21,734 [INFO] IPUIPlugin:80 - create IPUIPlugin
2025-11-11 23:10:21,735 [INFO] PluginManager:220 - loadIPPluginJar : add adc
2025-11-11 23:10:21,741 [INFO] IPUIPlugin:80 - create IPUIPlugin
2025-11-11 23:10:21,741 [INFO] PluginManager:220 - loadIPPluginJar : add ddr_ctrl_phy
2025-11-11 23:10:21,745 [INFO] IPUIPlugin:80 - create IPUIPlugin
2025-11-11 23:10:21,745 [INFO] PluginManager:220 - loadIPPluginJar : add pdm2pcm
2025-11-11 23:10:21,749 [INFO] IPUIPlugin:80 - create IPUIPlugin
2025-11-11 23:10:21,749 [INFO] PluginManager:220 - loadIPPluginJar : add aes
2025-11-11 23:10:21,755 [INFO] IPUIPlugin:80 - create IPUIPlugin
2025-11-11 23:10:21,755 [INFO] PluginManager:220 - loadIPPluginJar : add lorawan
2025-11-11 23:10:21,760 [INFO] IPUIPlugin:80 - create IPUIPlugin
2025-11-11 23:10:21,760 [INFO] PluginManager:220 - loadIPPluginJar : add ipddr
2025-11-11 23:10:21,764 [INFO] IPUIPlugin:80 - create IPUIPlugin
2025-11-11 23:10:21,764 [INFO] PluginManager:220 - loadIPPluginJar : add dma3
2025-11-11 23:10:21,768 [INFO] IPUIPlugin:80 - create IPUIPlugin
2025-11-11 23:10:21,768 [INFO] PluginManager:220 - loadIPPluginJar : add usbx
2025-11-11 23:10:21,773 [INFO] IPUIPlugin:80 - create IPUIPlugin
2025-11-11 23:10:21,774 [INFO] PluginManager:220 - loadIPPluginJar : add cryp
2025-11-11 23:10:21,776 [INFO] IPUIPlugin:80 - create IPUIPlugin
2025-11-11 23:10:21,776 [INFO] PluginManager:220 - loadIPPluginJar : add ltdc
2025-11-11 23:10:21,959 [INFO] CADModel:165 - CPN selected for project level
2025-11-11 23:10:21,959 [INFO] CADModel:114 - Register for checkConnection events
2025-11-11 23:10:21,959 [FATAL] Updater:334 - Updater called before beeing initialized
2025-11-11 23:10:21,960 [ERROR] CADModel:125 - Updater not yet initialized, retry later 
2025-11-11 23:10:22,217 [INFO] CADModel:165 - CPN selected for project level
2025-11-11 23:10:22,218 [INFO] CADModel:114 - Register for checkConnection events
2025-11-11 23:10:22,218 [FATAL] Updater:334 - Updater called before beeing initialized
2025-11-11 23:10:22,218 [ERROR] CADModel:125 - Updater not yet initialized, retry later 
2025-11-11 23:10:22,226 [FATAL] Updater:334 - Updater called before beeing initialized
2025-11-11 23:10:22,429 [FATAL] Updater:334 - Updater called before beeing initialized
2025-11-11 23:10:22,438 [INFO] DbMcusAds:53 - JSON generation date=Fri Nov 07 12:13:48 CET 2025 (1762514028174)
2025-11-11 23:10:22,438 [FATAL] Updater:334 - Updater called before beeing initialized
2025-11-11 23:10:22,513 [WARN] DetailPanel:346 - Failed to get advertising image, set to default
2025-11-11 23:10:22,647 [FATAL] Updater:334 - Updater called before beeing initialized
2025-11-11 23:10:22,650 [FATAL] Updater:334 - Updater called before beeing initialized
2025-11-11 23:10:22,650 [FATAL] Updater:334 - Updater called before beeing initialized
2025-11-11 23:10:22,650 [WARN] DetailPanel:346 - Failed to get advertising image, set to default
2025-11-11 23:10:22,653 [FATAL] Updater:334 - Updater called before beeing initialized
2025-11-11 23:10:22,722 [ERROR] Updater:1164 - MainUpdater not yet initialized. External WinMGr cannot be set.
2025-11-11 23:10:22,726 [INFO] Updater:1100 - Updater Version found : 6.12.0
2025-11-11 23:10:22,767 [INFO] ApplicationProperties:184 - Using Application install path: /opt/st/stm32cubeide_1.16.0/plugins/com.st.stm32cube.common.mx_6.12.0.202406281431
2025-11-11 23:10:23,422 [INFO] ThirdPartyUpdaterWithRetryManager:70 - Updater plugin not ready yet. [2/15]
2025-11-11 23:10:23,552 [INFO] MainUpdater:2873 - connection check result : 10
2025-11-11 23:10:23,553 [INFO] MainUpdater:290 - Updater Check For Update Now.
2025-11-11 23:10:23,553 [INFO] MicroXplorer:498 - Change Database Version : DB.6.0.120
2025-11-11 23:10:24,070 [INFO] CheckServerUpdateThread:120 - End of CheckServer Thread
2025-11-11 23:10:24,197 [INFO] MainUpdater:2873 - connection check result : 10
2025-11-11 23:10:24,208 [INFO] MainUpdater:2873 - connection check result : 10
2025-11-11 23:10:26,934 [WARN] PackLoader:240 - Cannot read IP mode file for STMicroelectronics.FP-SNS-MOTENVWB1.1.4.0
2025-11-11 23:10:26,980 [WARN] PackLoader:240 - Cannot read IP mode file for STMicroelectronics.FP-ATR-ASTRA1.2.0.2
2025-11-11 23:10:26,997 [WARN] PackLoader:240 - Cannot read IP mode file for STMicroelectronics.FP-ATR-ASTRA1.2.0.1
2025-11-11 23:10:27,022 [WARN] PackLoader:240 - Cannot read IP mode file for STMicroelectronics.X-CUBE-SMBUS.2.1.0
2025-11-11 23:10:27,037 [WARN] PackLoader:240 - Cannot read IP mode file for STMicroelectronics.X-CUBE-WB05N.1.1.0
2025-11-11 23:10:27,049 [ERROR] Engine:466 - /home/moktar/.stm32cubemx/thirdparties/pdsc/STMicroelectronics.X-CUBE-ST60.1.0.0.pdsc: PDSC version is not supported
2025-11-11 23:10:27,166 [WARN] PackLoader:240 - Cannot read IP mode file for STMicroelectronics.X-CUBE-AZRTOS-F7.1.1.0
2025-11-11 23:10:27,394 [WARN] PackLoader:240 - Cannot read IP mode file for STMicroelectronics.X-CUBE-MEMS1.11.0.0
2025-11-11 23:10:27,755 [ERROR] Engine:466 - /home/moktar/.stm32cubemx/thirdparties/pdsc/STMicroelectronics.FP-SNS-MOTENV1.5.1.0.pdsc: PDSC version is not supported
2025-11-11 23:10:27,763 [WARN] PackLoader:240 - Cannot read IP mode file for STMicroelectronics.FP-SNS-FLIGHT1.5.0.2
2025-11-11 23:10:27,855 [WARN] PackLoader:240 - Cannot read IP mode file for STMicroelectronics.X-CUBE-AZRTOS-H7.3.4.0
2025-11-11 23:10:27,951 [WARN] PackLoader:240 - Cannot read IP mode file for STMicroelectronics.X-CUBE-DISPLAY.3.0.0
2025-11-11 23:10:27,979 [WARN] PackLoader:240 - Cannot read IP mode file for STMicroelectronics.X-CUBE-BLE1.7.0.0
2025-11-11 23:10:28,011 [WARN] PackLoader:240 - Cannot read IP mode file for STMicroelectronics.X-CUBE-NFC10.1.0.0
2025-11-11 23:10:28,058 [WARN] PackLoader:240 - Cannot read IP mode file for STMicroelectronics.X-CUBE-BLEMGR.4.0.0
2025-11-11 23:10:28,070 [ERROR] Engine:466 - /home/moktar/.stm32cubemx/thirdparties/pdsc/STMicroelectronics.X-CUBE-ST60.1.1.0.pdsc: PDSC version is not supported
2025-11-11 23:10:28,076 [WARN] PackLoader:240 - Cannot read IP mode file for emotas.I-CUBE-CANOPEN.1.3.0
2025-11-11 23:10:28,087 [WARN] PackLoader:240 - Cannot read IP mode file for STMicroelectronics.X-CUBE-GNSS1.7.1.0
2025-11-11 23:10:28,113 [WARN] PackLoader:240 - Cannot read IP mode file for STMicroelectronics.X-CUBE-BLEMGR.3.1.0
2025-11-11 23:10:28,127 [WARN] PackLoader:240 - Cannot read IP mode file for STMicroelectronics.X-CUBE-AI.10.0.0
2025-11-11 23:10:28,137 [ERROR] Engine:466 - /home/moktar/.stm32cubemx/thirdparties/pdsc/STMicroelectronics.FP-SNS-STBOX1.2.1.0.pdsc: PDSC version is not supported
2025-11-11 23:10:28,145 [WARN] PackLoader:240 - Cannot read IP mode file for STMicroelectronics.FP-SNS-SMARTAG2.1.2.0
2025-11-11 23:10:28,151 [ERROR] Engine:466 - /home/moktar/.stm32cubemx/thirdparties/pdsc/STMicroelectronics.FP-SNS-FLIGHT1.5.1.0.pdsc: PDSC version is not supported
2025-11-11 23:10:28,174 [INFO] LogOutputStream:77 - [STDOUT_REDIRECT] 1 : Invalid condition id : UX_CORESTACK_Condition cause : null
2025-11-11 23:10:28,175 [INFO] LogOutputStream:77 - [STDOUT_REDIRECT] 1 : Invalid condition id : UX_CORESTACK_Condition cause : null
2025-11-11 23:10:28,176 [INFO] LogOutputStream:77 - [STDOUT_REDIRECT] 1 : Invalid condition id : UX_CORESTACK_Condition cause : null
2025-11-11 23:10:28,178 [INFO] LogOutputStream:77 - [STDOUT_REDIRECT] 1 : Invalid condition id : UX_CORESTACK_Condition cause : null
2025-11-11 23:10:28,178 [INFO] LogOutputStream:77 - [STDOUT_REDIRECT] 1 : Invalid condition id : UX_CORESTACK_Condition cause : null
2025-11-11 23:10:28,185 [WARN] PackLoader:240 - Cannot read IP mode file for STMicroelectronics.X-CUBE-AZRTOS-WL.2.0.0
2025-11-11 23:10:28,193 [WARN] PackLoader:240 - Cannot read IP mode file for STMicroelectronics.FP-SNS-MOTENV1.5.0.0
2025-11-11 23:10:28,200 [WARN] PackLoader:240 - Cannot read IP mode file for wolfSSL.I-CUBE-wolfMQTT.1.19.0
2025-11-11 23:10:28,209 [WARN] PackLoader:240 - Cannot read IP mode file for WES.I-CUBE-Cesium.1.3.0
2025-11-11 23:10:28,216 [WARN] PackLoader:240 - Cannot read IP mode file for STMicroelectronics.X-CUBE-BLE2.3.3.0
2025-11-11 23:10:28,221 [ERROR] Engine:466 - /home/moktar/.stm32cubemx/thirdparties/pdsc/Avnet-IOTCONNECT.X-CUBE-iotc-st67-sdk.1.0.0.pdsc: PDSC version is not supported
2025-11-11 23:10:28,232 [WARN] PackLoader:240 - Cannot read IP mode file for STMicroelectronics.X-CUBE-NFC9.1.0.0
2025-11-11 23:10:28,245 [WARN] PackLoader:240 - Cannot read IP mode file for STMicroelectronics.X-CUBE-BLE1.7.1.0
2025-11-11 23:10:28,253 [WARN] PackLoader:240 - Cannot read IP mode file for STMicroelectronics.X-CUBE-TCPP.4.1.0
2025-11-11 23:10:28,265 [WARN] PackLoader:240 - Cannot read IP mode file for STMicroelectronics.X-CUBE-EEPRMA1.5.2.0
2025-11-11 23:10:28,273 [ERROR] Engine:466 - /home/moktar/.stm32cubemx/thirdparties/pdsc/STMicroelectronics.X-CUBE-ST67W61.1.1.0.pdsc: PDSC version is not supported
2025-11-11 23:10:28,284 [WARN] PackLoader:240 - Cannot read IP mode file for STMicroelectronics.X-CUBE-AI.10.1.0
2025-11-11 23:10:28,406 [WARN] PackLoader:240 - Cannot read IP mode file for STMicroelectronics.X-CUBE-MEMS1.11.2.0
2025-11-11 23:10:28,745 [WARN] PackLoader:240 - Cannot read IP mode file for STMicroelectronics.X-CUBE-AZRTOS-G0.1.1.0
2025-11-11 23:10:28,758 [WARN] PackLoader:240 - Cannot read IP mode file for STMicroelectronics.X-CUBE-SAFEA1.1.2.2
2025-11-11 23:10:28,768 [WARN] PackLoader:240 - Cannot read IP mode file for STMicroelectronics.X-CUBE-NFC4.3.0.0
2025-11-11 23:10:28,790 [WARN] PackLoader:240 - Cannot read IP mode file for EmbeddedOffice.I-CUBE-FS-RTOS.1.0.1
2025-11-11 23:10:28,791 [ERROR] ConditionMgr:805 - Attr not supported : Dmpu
2025-11-11 23:10:28,792 [ERROR] ConditionMgr:805 - Attr not supported : Dmpu
2025-11-11 23:10:28,793 [ERROR] ConditionMgr:805 - Attr not supported : Dmpu
2025-11-11 23:10:28,794 [ERROR] ConditionMgr:805 - Attr not supported : Dmpu
2025-11-11 23:10:28,794 [ERROR] ConditionMgr:805 - Attr not supported : Dmpu
2025-11-11 23:10:28,794 [ERROR] ConditionMgr:805 - Attr not supported : Dmpu
2025-11-11 23:10:28,794 [ERROR] ConditionMgr:805 - Attr not supported : Dmpu
2025-11-11 23:10:28,794 [ERROR] ConditionMgr:805 - Attr not supported : Dmpu
2025-11-11 23:10:28,794 [ERROR] ConditionMgr:805 - Attr not supported : Dmpu
2025-11-11 23:10:28,795 [ERROR] ConditionMgr:805 - Attr not supported : Dmpu
2025-11-11 23:10:28,795 [ERROR] ConditionMgr:805 - Attr not supported : Dmpu
2025-11-11 23:10:28,795 [ERROR] ConditionMgr:805 - Attr not supported : Dmpu
2025-11-11 23:10:28,795 [ERROR] ConditionMgr:805 - Attr not supported : Dmpu
2025-11-11 23:10:28,796 [ERROR] ConditionMgr:805 - Attr not supported : Dmpu
2025-11-11 23:10:28,796 [ERROR] ConditionMgr:805 - Attr not supported : Dmpu
2025-11-11 23:10:28,796 [ERROR] ConditionMgr:805 - Attr not supported : Dmpu
2025-11-11 23:10:28,796 [ERROR] ConditionMgr:805 - Attr not supported : Dmpu
2025-11-11 23:10:28,796 [ERROR] ConditionMgr:805 - Attr not supported : Dmpu
2025-11-11 23:10:28,796 [ERROR] ConditionMgr:805 - Attr not supported : Dmpu
2025-11-11 23:10:28,796 [ERROR] ConditionMgr:805 - Attr not supported : Dmpu
2025-11-11 23:10:28,796 [ERROR] ConditionMgr:805 - Attr not supported : Dmpu
2025-11-11 23:10:28,796 [ERROR] ConditionMgr:805 - Attr not supported : Dmpu
2025-11-11 23:10:28,797 [ERROR] ConditionMgr:805 - Attr not supported : Dmpu
2025-11-11 23:10:28,798 [ERROR] ConditionMgr:805 - Attr not supported : Dmpu
2025-11-11 23:10:28,798 [ERROR] ConditionMgr:805 - Attr not supported : Dmpu
2025-11-11 23:10:28,798 [ERROR] ConditionMgr:805 - Attr not supported : Dmpu
2025-11-11 23:10:28,798 [ERROR] ConditionMgr:805 - Attr not supported : Dmpu
2025-11-11 23:10:28,798 [ERROR] ConditionMgr:805 - Attr not supported : Dmpu
2025-11-11 23:10:28,798 [ERROR] ConditionMgr:805 - Attr not supported : Dmpu
2025-11-11 23:10:28,798 [ERROR] ConditionMgr:805 - Attr not supported : Dmpu
2025-11-11 23:10:28,799 [ERROR] ConditionMgr:805 - Attr not supported : Dmpu
2025-11-11 23:10:28,799 [ERROR] ConditionMgr:805 - Attr not supported : Dmpu
2025-11-11 23:10:28,799 [ERROR] ConditionMgr:805 - Attr not supported : Dmpu
2025-11-11 23:10:28,799 [ERROR] ConditionMgr:805 - Attr not supported : Dmpu
2025-11-11 23:10:28,799 [ERROR] ConditionMgr:805 - Attr not supported : Dmpu
2025-11-11 23:10:28,799 [ERROR] ConditionMgr:805 - Attr not supported : Dmpu
2025-11-11 23:10:28,799 [ERROR] ConditionMgr:805 - Attr not supported : Dmpu
2025-11-11 23:10:28,799 [ERROR] ConditionMgr:805 - Attr not supported : Dmpu
2025-11-11 23:10:28,800 [ERROR] ConditionMgr:805 - Attr not supported : Dmpu
2025-11-11 23:10:28,800 [ERROR] ConditionMgr:805 - Attr not supported : Dmpu
2025-11-11 23:10:28,800 [ERROR] ConditionMgr:805 - Attr not supported : Dmpu
2025-11-11 23:10:28,800 [ERROR] ConditionMgr:805 - Attr not supported : Dmpu
2025-11-11 23:10:28,800 [ERROR] ConditionMgr:805 - Attr not supported : Dmpu
2025-11-11 23:10:28,800 [ERROR] ConditionMgr:805 - Attr not supported : Dmpu
2025-11-11 23:10:28,801 [ERROR] ConditionMgr:805 - Attr not supported : Dmpu
2025-11-11 23:10:28,801 [ERROR] ConditionMgr:805 - Attr not supported : Dmpu
2025-11-11 23:10:28,801 [ERROR] ConditionMgr:805 - Attr not supported : Dmpu
2025-11-11 23:10:28,801 [ERROR] ConditionMgr:805 - Attr not supported : Dmpu
2025-11-11 23:10:28,802 [ERROR] ConditionMgr:805 - Attr not supported : Dmpu
2025-11-11 23:10:28,802 [ERROR] ConditionMgr:805 - Attr not supported : Dmpu
2025-11-11 23:10:28,802 [ERROR] ConditionMgr:805 - Attr not supported : Dmpu
2025-11-11 23:10:28,802 [ERROR] ConditionMgr:805 - Attr not supported : Dmpu
2025-11-11 23:10:28,803 [ERROR] ConditionMgr:805 - Attr not supported : Dmpu
2025-11-11 23:10:28,804 [ERROR] ConditionMgr:805 - Attr not supported : Dmpu
2025-11-11 23:10:28,804 [ERROR] ConditionMgr:805 - Attr not supported : Dmpu
2025-11-11 23:10:28,804 [ERROR] ConditionMgr:805 - Attr not supported : Dmpu
2025-11-11 23:10:28,804 [ERROR] ConditionMgr:805 - Attr not supported : Dmpu
2025-11-11 23:10:28,804 [ERROR] ConditionMgr:805 - Attr not supported : Dmpu
2025-11-11 23:10:28,804 [ERROR] ConditionMgr:805 - Attr not supported : Dmpu
2025-11-11 23:10:28,804 [ERROR] ConditionMgr:805 - Attr not supported : Dmpu
2025-11-11 23:10:28,805 [ERROR] ConditionMgr:805 - Attr not supported : Dmpu
2025-11-11 23:10:28,805 [ERROR] ConditionMgr:805 - Attr not supported : Dmpu
2025-11-11 23:10:28,805 [ERROR] ConditionMgr:805 - Attr not supported : Dmpu
2025-11-11 23:10:28,806 [ERROR] ConditionMgr:805 - Attr not supported : Dmpu
2025-11-11 23:10:28,822 [WARN] PackLoader:240 - Cannot read IP mode file for STMicroelectronics.X-CUBE-WB05N.2.0.0
2025-11-11 23:10:28,835 [ERROR] Engine:466 - /home/moktar/.stm32cubemx/thirdparties/pdsc/STMicroelectronics.X-CUBE-TCPP.4.2.0.pdsc: PDSC version is not supported
2025-11-11 23:10:28,841 [WARN] PackLoader:240 - Cannot read IP mode file for RealThread.X-CUBE-RT-Thread_Nano.4.1.1
2025-11-11 23:10:28,854 [WARN] PackLoader:240 - Cannot read IP mode file for wolfSSL.I-CUBE-wolfSSL.5.7.0
2025-11-11 23:10:28,860 [WARN] PackLoader:240 - Cannot read IP mode file for STMicroelectronics.FP-ATR-SIGFOX1.3.2.0
2025-11-11 23:10:28,869 [WARN] ConditionMgr:438 - getConditionDescription Invalid condition id : Cortex-A Device cause : null
2025-11-11 23:10:28,906 [WARN] ConditionMgr:1039 - genDependencies : Invalid condition id : Cortex-A Device cause : null
2025-11-11 23:10:28,907 [WARN] ConditionMgr:1039 - genDependencies : Invalid condition id : Cortex-A Device cause : null
2025-11-11 23:10:28,907 [WARN] ConditionMgr:1039 - genDependencies : Invalid condition id : Cortex-A Device cause : null
2025-11-11 23:10:28,927 [WARN] PackLoader:240 - Cannot read IP mode file for STMicroelectronics.X-CUBE-EEPRMA1.5.1.0
2025-11-11 23:10:28,957 [WARN] PackLoader:240 - Cannot read IP mode file for ITTIA_DB.I-CUBE-ITTIADB.8.9.0
2025-11-11 23:10:28,961 [ERROR] Engine:466 - /home/moktar/.stm32cubemx/thirdparties/pdsc/STMicroelectronics.X-CUBE-ST67W61.1.0.0.pdsc: PDSC version is not supported
2025-11-11 23:10:28,965 [WARN] PackLoader:240 - Cannot read IP mode file for STMicroelectronics.X-CUBE-AI.10.2.0
2025-11-11 23:10:29,054 [WARN] PackLoader:240 - Cannot read IP mode file for SEGGER.I-CUBE-embOS.1.3.1
2025-11-11 23:10:29,150 [WARN] PackLoader:240 - Cannot read IP mode file for STMicroelectronics.X-CUBE-ALGOBUILD.1.4.0
2025-11-11 23:10:29,259 [WARN] PackLoader:240 - Cannot read IP mode file for STMicroelectronics.X-CUBE-MEMS1.11.3.0
2025-11-11 23:10:29,609 [WARN] PackLoader:240 - Cannot read IP mode file for STMicroelectronics.X-CUBE-AI.9.1.0
2025-11-11 23:10:29,616 [WARN] PackLoader:240 - Cannot read IP mode file for STMicroelectronics.X-CUBE-PM33A1.1.0.0
2025-11-11 23:10:29,626 [WARN] PackLoader:240 - Cannot read IP mode file for STMicroelectronics.X-CUBE-GNSS1.6.0.0
2025-11-11 23:10:29,657 [WARN] PackLoader:240 - Cannot read IP mode file for STMicroelectronics.X-CUBE-AZRTOS-F4.1.1.0
2025-11-11 23:10:29,666 [ERROR] Engine:466 - /home/moktar/.stm32cubemx/thirdparties/pdsc/Avnet-IotConnect.X-CUBE-IoTC-DA16k-PMOD.1.0.0.pdsc: PDSC version is not supported
2025-11-11 23:10:29,674 [WARN] PackLoader:240 - Cannot read IP mode file for STMicroelectronics.X-CUBE-ISPU.2.1.0
2025-11-11 23:10:29,688 [ERROR] Engine:466 - /home/moktar/.stm32cubemx/thirdparties/pdsc/STMicroelectronics.X-CUBE-IPS.3.2.0.pdsc: PDSC version is not supported
2025-11-11 23:10:29,699 [WARN] PackLoader:240 - Cannot read IP mode file for STMicroelectronics.X-CUBE-FREERTOS.1.2.0
2025-11-11 23:10:29,979 [WARN] PackLoader:240 - Cannot read IP mode file for STMicroelectronics.X-CUBE-NFC12.1.0.0
2025-11-11 23:10:30,018 [WARN] PackLoader:240 - Cannot read IP mode file for STMicroelectronics.X-CUBE-AZRTOS-L5.2.0.0
2025-11-11 23:10:30,046 [WARN] PackLoader:240 - Cannot read IP mode file for STMicroelectronics.X-CUBE-NFC6.3.1.0
2025-11-11 23:10:30,062 [WARN] PackLoader:240 - Cannot read IP mode file for STMicroelectronics.X-CUBE-DPower.1.2.0
2025-11-11 23:10:30,069 [WARN] PackLoader:240 - Cannot read IP mode file for STMicroelectronics.X-CUBE-AI.9.0.0
2025-11-11 23:10:30,081 [WARN] PackLoader:240 - Cannot read IP mode file for STMicroelectronics.X-CUBE-FREERTOS.1.3.1
2025-11-11 23:10:30,092 [WARN] PackLoader:240 - Cannot read IP mode file for STMicroelectronics.X-CUBE-NFC7.1.0.1
2025-11-11 23:10:30,099 [WARN] PackLoader:240 - Cannot read IP mode file for wolfSSL.I-CUBE-wolfTPM.3.2.0
2025-11-11 23:10:30,106 [WARN] PackLoader:240 - Cannot read IP mode file for STMicroelectronics.X-CUBE-TOUCHGFX.4.26.0
2025-11-11 23:10:30,110 [ERROR] Engine:466 - /home/moktar/.stm32cubemx/thirdparties/pdsc/STMicroelectronics.FP-SNS-STAIOTCFT.1.0.0.pdsc: PDSC version is not supported
2025-11-11 23:10:30,117 [WARN] PackLoader:240 - Cannot read IP mode file for STMicroelectronics.X-CUBE-DPower.1.3.0
2025-11-11 23:10:30,158 [WARN] ConditionMgr:438 - getConditionDescription Invalid condition id : LAN8742 Phy interface Condition cause : null
2025-11-11 23:10:30,159 [WARN] PackLoader:240 - Cannot read IP mode file for STMicroelectronics.X-CUBE-AZRTOS-L4.2.0.0
2025-11-11 23:10:30,161 [WARN] ConditionMgr:1039 - genDependencies : Invalid condition id : LAN8742 Phy interface Condition cause : null
2025-11-11 23:10:30,162 [WARN] ConditionMgr:1039 - genDependencies : Invalid condition id : LAN8742 Phy interface Condition cause : null
2025-11-11 23:10:30,163 [WARN] ConditionMgr:1039 - genDependencies : Invalid condition id : LAN8742 Phy interface Condition cause : null
2025-11-11 23:10:30,202 [WARN] PackLoader:240 - Cannot read IP mode file for STMicroelectronics.X-CUBE-SFXS2LP1.4.0.0
2025-11-11 23:10:30,251 [WARN] PackLoader:240 - Cannot read IP mode file for STMicroelectronics.X-CUBE-AZRTOS-H7.3.3.0
2025-11-11 23:10:30,263 [ERROR] Engine:466 - /home/moktar/.stm32cubemx/thirdparties/pdsc/STMicroelectronics.X-CUBE-BLEMGR.4.1.0.pdsc: PDSC version is not supported
2025-11-11 23:10:30,282 [WARN] PackLoader:240 - Cannot read IP mode file for STMicroelectronics.X-CUBE-IPS.3.0.0
2025-11-11 23:10:30,315 [WARN] ConditionMgr:438 - getConditionDescription Invalid condition id : UX DEVICE CLASS RTOS Condition cause : null
2025-11-11 23:10:30,316 [WARN] ConditionMgr:438 - getConditionDescription Invalid condition id : UX DEVICE CLASS RTOS Condition cause : null
2025-11-11 23:10:30,320 [WARN] PackLoader:240 - Cannot read IP mode file for STMicroelectronics.X-CUBE-AZRTOS-WB.2.0.0
2025-11-11 23:10:30,321 [WARN] ConditionMgr:1039 - genDependencies : Invalid condition id : UX DEVICE CLASS RTOS Condition cause : null
2025-11-11 23:10:30,321 [WARN] ConditionMgr:1039 - genDependencies : Invalid condition id : UX DEVICE CLASS RTOS Condition cause : null
2025-11-11 23:10:30,322 [WARN] ConditionMgr:1039 - genDependencies : Invalid condition id : UX DEVICE CLASS RTOS Condition cause : null
2025-11-11 23:10:30,323 [WARN] ConditionMgr:1039 - genDependencies : Invalid condition id : UX DEVICE CLASS RTOS Condition cause : null
2025-11-11 23:10:30,323 [WARN] ConditionMgr:1039 - genDependencies : Invalid condition id : UX DEVICE CLASS RTOS Condition cause : null
2025-11-11 23:10:30,331 [WARN] PackLoader:240 - Cannot read IP mode file for STMicroelectronics.X-CUBE-GNSS1.7.0.0
2025-11-11 23:10:30,348 [WARN] PackLoader:240 - Cannot read IP mode file for STMicroelectronics.X-CUBE-GNSS1.7.0.1
2025-11-11 23:10:30,457 [WARN] PackLoader:240 - Cannot read IP mode file for STMicroelectronics.X-CUBE-TOUCHGFX.4.25.0
2025-11-11 23:10:30,467 [WARN] PackLoader:240 - Cannot read IP mode file for STMicroelectronics.FP-SNS-STBOX1.2.0.0
2025-11-11 23:10:30,498 [WARN] PackLoader:240 - Cannot read IP mode file for STMicroelectronics.X-CUBE-SUBG2.5.0.0
2025-11-11 23:10:30,550 [WARN] PackLoader:240 - Cannot read IP mode file for STMicroelectronics.X-CUBE-AZRTOS-H7RS.1.1.0
2025-11-11 23:10:30,570 [WARN] PackLoader:240 - Cannot read IP mode file for Cesanta.I-CUBE-Mongoose.7.13.0
2025-11-11 23:10:30,598 [WARN] PackLoader:240 - Cannot read IP mode file for STMicroelectronics.X-CUBE-AZRTOS-G4.2.0.0
2025-11-11 23:10:30,607 [WARN] PackLoader:240 - Cannot read IP mode file for STMicroelectronics.X-CUBE-NFC7.2.0.0
2025-11-11 23:10:30,616 [WARN] PackLoader:240 - Cannot read IP mode file for STMicroelectronics.X-CUBE-ISPU.2.0.0
2025-11-11 23:10:30,626 [ERROR] Engine:466 - /home/moktar/.stm32cubemx/thirdparties/pdsc/STMicroelectronics.X-CUBE-IPS.3.1.0.pdsc: PDSC version is not supported
2025-11-11 23:10:30,631 [WARN] PackLoader:240 - Cannot read IP mode file for STMicroelectronics.X-CUBE-ALS.1.0.2
2025-11-11 23:10:30,704 [WARN] PackLoader:240 - Cannot read IP mode file for STMicroelectronics.X-CUBE-MEMS1.10.0.0
2025-11-11 23:10:31,009 [WARN] PackLoader:240 - Cannot read IP mode file for STMicroelectronics.X-CUBE-TOUCHGFX.4.24.0
2025-11-11 23:10:31,019 [WARN] PackLoader:240 - Cannot read IP mode file for STMicroelectronics.X-CUBE-TOUCHGFX.4.24.1
2025-11-11 23:10:31,039 [WARN] PackLoader:240 - Cannot read IP mode file for STMicroelectronics.X-CUBE-STSE01.1.0.0
2025-11-11 23:10:31,052 [WARN] PackLoader:240 - Cannot read IP mode file for portGmbH.I-Cube-SoM-uGOAL.1.1.0
2025-11-11 23:10:31,089 [WARN] PackLoader:240 - Cannot read IP mode file for STMicroelectronics.X-CUBE-AZRTOS-H7RS.1.0.0
2025-11-11 23:10:31,100 [WARN] PackLoader:240 - Cannot read IP mode file for STMicroelectronics.FP-ATR-ASTRA1.2.0.0
2025-11-11 23:10:31,137 [WARN] PackLoader:240 - Cannot read IP mode file for STMicroelectronics.X-CUBE-TOF1.3.4.2
2025-11-11 23:10:31,169 [ERROR] Engine:466 - /home/moktar/.stm32cubemx/thirdparties/pdsc/STMicroelectronics.X-CUBE-TOF1.3.4.3.pdsc: PDSC version is not supported
2025-11-11 23:10:31,188 [WARN] PackLoader:240 - Cannot read IP mode file for STMicroelectronics.X-CUBE-TOF1.3.4.1
2025-11-11 23:10:31,243 [WARN] PackLoader:240 - Cannot read IP mode file for STMicroelectronics.X-CUBE-AZRTOS-H7.3.2.0
2025-11-11 23:10:31,271 [WARN] PackLoader:240 - Cannot read IP mode file for Infineon.AIROC-Wi-Fi-Bluetooth-STM32.1.6.0
2025-11-11 23:10:31,286 [WARN] PackLoader:240 - Cannot read IP mode file for wolfSSL.I-CUBE-wolfSSH.1.4.17
2025-11-11 23:10:31,287 [INFO] ThirdParty:978 - Integrity check success = true
2025-11-11 23:10:31,287 [INFO] IntegrityCheckThread:100 - exiting critical section [integrity check]
2025-11-11 23:10:31,287 [INFO] IntegrityCheckThread:103 - End integrity checks thread
